This is XeTeX, Version 3.141592653-2.6-0.999997 (MiKTeX 25.4) (preloaded format=xelatex 2025.11.19)  4 DEC 2025 11:07
entering extended mode
 restricted \write18 enabled.
 file:line:error style messages enabled.
 %&-line parsing enabled.
**"c:/Users/Bihurin Salsabila/OneDrive/Dokumen/SKRIPSIAN STEI/ProposalTA-STI/Pr
oposalTA.tex"

(c:/Users/Bihurin Salsabila/OneDrive/Dokumen/SKRIPSIAN STEI/ProposalTA-STI/Prop
osalTA.tex
LaTeX2e <2025-11-01>
L3 programming layer <2025-10-24>

(C:\Users\Bihurin Salsabila\AppData\Local\Programs\MiKTeX\tex/latex/base\book.c
ls
Document Class: book 2025/01/22 v1.4n Standard LaTeX document class

(C:\Users\Bihurin Salsabila\AppData\Local\Programs\MiKTeX\tex/latex/base\bk12.c
lo
File: bk12.clo 2025/01/22 v1.4n Standard LaTeX file (size option)
)
\c@part=\count271
\c@chapter=\count272
\c@section=\count273
\c@subsection=\count274
\c@subsubsection=\count275
\c@paragraph=\count276
\c@subparagraph=\count277
\c@figure=\count278
\c@table=\count279
\abovecaptionskip=\skip49
\belowcaptionskip=\skip50
\bibindent=\dimen148
)
(C:\Users\Bihurin Salsabila\AppData\Local\Programs\MiKTeX\tex/latex/base\inpute
nc.sty
Package: inputenc 2024/02/08 v1.3d Input encoding file
\inpenc@prehook=\toks17
\inpenc@posthook=\toks18


Package inputenc Warning: inputenc package ignored with utf8 based engines.

)
(C:\Users\Bihurin Salsabila\AppData\Local\Programs\MiKTeX\tex/latex/fontspec\fo
ntspec.sty
(C:\Users\Bihurin Salsabila\AppData\Local\Programs\MiKTeX\tex/latex/l3packages/
xparse\xparse.sty
(C:\Users\Bihurin Salsabila\AppData\Local\Programs\MiKTeX\tex/latex/l3kernel\ex
pl3.sty
Package: expl3 2025-10-24 L3 programming layer (loader) 

(C:\Users\Bihurin Salsabila\AppData\Local\Programs\MiKTeX\tex/latex/l3backend\l
3backend-xetex.def
File: l3backend-xetex.def 2025-10-09 L3 backend support: XeTeX
\g__graphics_track_int=\count280
\g__pdfannot_backend_int=\count281
\g__pdfannot_backend_link_int=\count282
))
Package: xparse 2025-10-09 L3 Experimental document command parser
)
Package: fontspec 2025/09/29 v2.9g Font selection for XeLaTeX and LuaLaTeX

(C:\Users\Bihurin Salsabila\AppData\Local\Programs\MiKTeX\tex/latex/fontspec\fo
ntspec-xetex.sty
Package: fontspec-xetex 2025/09/29 v2.9g Font selection for XeLaTeX and LuaLaTe
X
\l__fontspec_script_int=\count283
\l__fontspec_language_int=\count284
\l__fontspec_strnum_int=\count285
\l__fontspec_tmp_int=\count286
\l__fontspec_tmpa_int=\count287
\l__fontspec_tmpb_int=\count288
\l__fontspec_tmpc_int=\count289
\l__fontspec_em_int=\count290
\l__fontspec_emdef_int=\count291
\l__fontspec_strong_int=\count292
\l__fontspec_strongdef_int=\count293
\l__fontspec_tmpa_dim=\dimen149
\l__fontspec_tmpb_dim=\dimen150
\l__fontspec_tmpc_dim=\dimen151

(C:\Users\Bihurin Salsabila\AppData\Local\Programs\MiKTeX\tex/latex/base\fonten
c.sty
Package: fontenc 2025/07/18 v2.1d Standard LaTeX package
)
(C:\Users\Bihurin Salsabila\AppData\Local\Programs\MiKTeX\tex/latex/fontspec\fo
ntspec.cfg)))

Package fontspec Info: 
(fontspec)             Font family 'TimesNewRoman(0)' created for font 'Times
(fontspec)             New Roman' with options [Ligatures=TeX].
(fontspec)              
(fontspec)              This font family consists of the following NFSS
(fontspec)             series/shapes:
(fontspec)              
(fontspec)             - 'normal' (m/n) with NFSS spec.: <->"Times New
(fontspec)             Roman/OT:script=latn;language=dflt;mapping=tex-text;"
(fontspec)             - 'small caps'  (m/sc) with NFSS spec.: <->"Times New
(fontspec)             Roman/OT:script=latn;language=dflt;+smcp;mapping=tex-tex
t;"
(fontspec)             - 'bold' (b/n) with NFSS spec.: <->"Times New
(fontspec)             Roman/B/OT:script=latn;language=dflt;mapping=tex-text;"
(fontspec)             - 'bold small caps'  (b/sc) with NFSS spec.: <->"Times
(fontspec)             New
(fontspec)             Roman/B/OT:script=latn;language=dflt;+smcp;mapping=tex-t
ext;"
(fontspec)             - 'italic' (m/it) with NFSS spec.: <->"Times New
(fontspec)             Roman/I/OT:script=latn;language=dflt;mapping=tex-text;"
(fontspec)             - 'italic small caps'  (m/scit) with NFSS spec.:
(fontspec)             <->"Times New
(fontspec)             Roman/I/OT:script=latn;language=dflt;+smcp;mapping=tex-t
ext;"
(fontspec)             - 'bold italic' (b/it) with NFSS spec.: <->"Times New
(fontspec)             Roman/BI/OT:script=latn;language=dflt;mapping=tex-text;"

(fontspec)             - 'bold italic small caps'  (b/scit) with NFSS spec.:
(fontspec)             <->"Times New
(fontspec)             Roman/BI/OT:script=latn;language=dflt;+smcp;mapping=tex-
text;"


(C:\Users\Bihurin Salsabila\AppData\Local\Programs\MiKTeX\tex/latex/geometry\ge
ometry.sty
Package: geometry 2020/01/02 v5.9 Page Geometry

(C:\Users\Bihurin Salsabila\AppData\Local\Programs\MiKTeX\tex/latex/graphics\ke
yval.sty
Package: keyval 2022/05/29 v1.15 key=value parser (DPC)
\KV@toks@=\toks19
)
(C:\Users\Bihurin Salsabila\AppData\Local\Programs\MiKTeX\tex/generic/iftex\ifv
tex.sty
Package: ifvtex 2019/10/25 v1.7 ifvtex legacy package. Use iftex instead.

(C:\Users\Bihurin Salsabila\AppData\Local\Programs\MiKTeX\tex/generic/iftex\ift
ex.sty
Package: iftex 2024/12/12 v1.0g TeX engine tests
))
\Gm@cnth=\count294
\Gm@cntv=\count295
\c@Gm@tempcnt=\count296
\Gm@bindingoffset=\dimen152
\Gm@wd@mp=\dimen153
\Gm@odd@mp=\dimen154
\Gm@even@mp=\dimen155
\Gm@layoutwidth=\dimen156
\Gm@layoutheight=\dimen157
\Gm@layouthoffset=\dimen158
\Gm@layoutvoffset=\dimen159
\Gm@dimlist=\toks20

(C:\Users\Bihurin Salsabila\AppData\Local\Programs\MiKTeX\tex/latex/geometry\ge
ometry.cfg))
(C:\Users\Bihurin Salsabila\AppData\Local\Programs\MiKTeX\tex/generic/babel\bab
el.sty
Package: babel 2025/10/22 v25.14 The multilingual framework for LuaLaTeX, pdfLa
TeX and XeLaTeX
\babel@savecnt=\count297
LaTeX Encoding Info:    Redeclaring text command \ij (encoding OT1) on input li
ne 2050.
LaTeX Encoding Info:    Redeclaring text command \IJ (encoding OT1) on input li
ne 2052.
LaTeX Encoding Info:    Redeclaring text command \ij (encoding T1) on input lin
e 2054.
LaTeX Encoding Info:    Redeclaring text command \IJ (encoding T1) on input lin
e 2055.
LaTeX Encoding Info:    Ignoring declaration for text command \ij (encoding ?) 
on input line 2056.
LaTeX Encoding Info:    Ignoring declaration for text command \IJ (encoding ?) 
on input line 2058.
LaTeX Encoding Info:    Ignoring declaration for text command \SS (encoding ?) 
on input line 2083.
\U@D=\dimen160
\l@unhyphenated=\language79

(C:\Users\Bihurin Salsabila\AppData\Local\Programs\MiKTeX\tex/generic/babel\xeb
abel.def)
\bbl@readstream=\read2
\bbl@dirlevel=\count298


Package babel Warning: Configuration files are deprecated, as
(babel)                they can break document portability.
(babel)                Reported on input line 4172.

*************************************
* Local config file bblopts.cfg used
*

(C:\Users\Bihurin Salsabila\AppData\Local\Programs\MiKTeX\tex/latex/arabi\bblop
ts.cfg
File: bblopts.cfg 2005/09/08 v0.1 add Arabic and Farsi to "declared" options of
 babel
)
(C:\Users\Bihurin Salsabila\AppData\Local\Programs\MiKTeX\tex/generic/babel/loc
ale/id\babel-indonesian.tex)
Package babel Info: Importing font and identification data for indonesian
(babel)             from babel-id.ini. Reported on input line 4295.

(C:\Users\Bihurin Salsabila\AppData\Local\Programs\MiKTeX\tex/latex/babel-indon
esian\indonesian.ldf
Language: indonesian 2025/06/01 v1.0n Bahasa Indonesia support from the babel s
ystem
))
(C:\Users\Bihurin Salsabila\AppData\Local\Programs\MiKTeX\tex/latex/csquotes\cs
quotes.sty
Package: csquotes 2024-04-04 v5.2o context-sensitive quotations (JAW)

(C:\Users\Bihurin Salsabila\AppData\Local\Programs\MiKTeX\tex/latex/etoolbox\et
oolbox.sty
Package: etoolbox 2025/10/02 v2.5m e-TeX tools for LaTeX (JAW)
\etb@tempcnta=\count299
)
\csq@reset=\count300
\csq@gtype=\count301
\csq@glevel=\count302
\csq@qlevel=\count303
\csq@maxlvl=\count304
\csq@tshold=\count305
\csq@ltx@everypar=\toks21

(C:\Users\Bihurin Salsabila\AppData\Local\Programs\MiKTeX\tex/latex/csquotes\cs
quotes.def
File: csquotes.def 2024-04-04 v5.2o csquotes generic definitions (JAW)
)
Package csquotes Info: Trying to load configuration file 'csquotes.cfg'...
Package csquotes Info: ... configuration file loaded successfully.

(C:\Users\Bihurin Salsabila\AppData\Local\Programs\MiKTeX\tex/latex/csquotes\cs
quotes.cfg
File: csquotes.cfg 
))
(C:\Users\Bihurin Salsabila\AppData\Local\Programs\MiKTeX\tex/latex/setspace\se
tspace.sty
Package: setspace 2022/12/04 v6.7b set line spacing
)
(C:\Users\Bihurin Salsabila\AppData\Local\Programs\MiKTeX\tex/latex/graphics\gr
aphicx.sty
Package: graphicx 2024/12/31 v1.2e Enhanced LaTeX Graphics (DPC,SPQR)

(C:\Users\Bihurin Salsabila\AppData\Local\Programs\MiKTeX\tex/latex/graphics\gr
aphics.sty
Package: graphics 2024/08/06 v1.4g Standard LaTeX Graphics (DPC,SPQR)

(C:\Users\Bihurin Salsabila\AppData\Local\Programs\MiKTeX\tex/latex/graphics\tr
ig.sty
Package: trig 2023/12/02 v1.11 sin cos tan (DPC)
)
(C:\Users\Bihurin Salsabila\AppData\Local\Programs\MiKTeX\tex/latex/graphics-cf
g\graphics.cfg
File: graphics.cfg 2016/06/04 v1.11 sample graphics configuration
)
Package graphics Info: Driver file: xetex.def on input line 106.

(C:\Users\Bihurin Salsabila\AppData\Local\Programs\MiKTeX\tex/latex/graphics-de
f\xetex.def
File: xetex.def 2025/11/01 v5.0p Graphics/color driver for xetex
))
\Gin@req@height=\dimen161
\Gin@req@width=\dimen162
)
(C:\Users\Bihurin Salsabila\AppData\Local\Programs\MiKTeX\tex/latex/caption\cap
tion.sty
Package: caption 2023/08/05 v3.6o Customizing captions (AR)

(C:\Users\Bihurin Salsabila\AppData\Local\Programs\MiKTeX\tex/latex/caption\cap
tion3.sty
Package: caption3 2023/07/31 v2.4d caption3 kernel (AR)
\caption@tempdima=\dimen163
\captionmargin=\dimen164
\caption@leftmargin=\dimen165
\caption@rightmargin=\dimen166
\caption@width=\dimen167
\caption@indent=\dimen168
\caption@parindent=\dimen169
\caption@hangindent=\dimen170
Package caption Info: Standard document class detected.
)
\c@caption@flags=\count306
\c@continuedfloat=\count307
)
(C:\Users\Bihurin Salsabila\AppData\Local\Programs\MiKTeX\tex/latex/caption\sub
caption.sty
Package: subcaption 2023/07/28 v1.6b Sub-captions (AR)
Package caption Info: New subtype `subfigure' on input line 238.
\c@subfigure=\count308
Package caption Info: New subtype `subtable' on input line 238.
\c@subtable=\count309
)
(C:\Users\Bihurin Salsabila\AppData\Local\Programs\MiKTeX\tex/latex/hyperref\hy
perref.sty
Package: hyperref 2025-07-12 v7.01o Hypertext links for LaTeX

(C:\Users\Bihurin Salsabila\AppData\Local\Programs\MiKTeX\tex/latex/kvsetkeys\k
vsetkeys.sty
Package: kvsetkeys 2022-10-05 v1.19 Key value parser (HO)
)
(C:\Users\Bihurin Salsabila\AppData\Local\Programs\MiKTeX\tex/generic/kvdefinek
eys\kvdefinekeys.sty
Package: kvdefinekeys 2019-12-19 v1.6 Define keys (HO)
)
(C:\Users\Bihurin Salsabila\AppData\Local\Programs\MiKTeX\tex/generic/pdfescape
\pdfescape.sty
Package: pdfescape 2019/12/09 v1.15 Implements pdfTeX's escape features (HO)

(C:\Users\Bihurin Salsabila\AppData\Local\Programs\MiKTeX\tex/generic/ltxcmds\l
txcmds.sty
Package: ltxcmds 2023-12-04 v1.26 LaTeX kernel commands for general use (HO)
)
(C:\Users\Bihurin Salsabila\AppData\Local\Programs\MiKTeX\tex/generic/pdftexcmd
s\pdftexcmds.sty
Package: pdftexcmds 2020-06-27 v0.33 Utility functions of pdfTeX for LuaTeX (HO
)

(C:\Users\Bihurin Salsabila\AppData\Local\Programs\MiKTeX\tex/generic/infwarerr
\infwarerr.sty
Package: infwarerr 2019/12/03 v1.5 Providing info/warning/error messages (HO)
)
Package pdftexcmds Info: \pdf@primitive is available.
Package pdftexcmds Info: \pdf@ifprimitive is available.
Package pdftexcmds Info: \pdfdraftmode not found.
))
(C:\Users\Bihurin Salsabila\AppData\Local\Programs\MiKTeX\tex/latex/hycolor\hyc
olor.sty
Package: hycolor 2020-01-27 v1.10 Color options for hyperref/bookmark (HO)
)
(C:\Users\Bihurin Salsabila\AppData\Local\Programs\MiKTeX\tex/latex/hyperref\na
meref.sty
Package: nameref 2025-06-21 v2.57 Cross-referencing by name of section

(C:\Users\Bihurin Salsabila\AppData\Local\Programs\MiKTeX\tex/latex/refcount\re
fcount.sty
Package: refcount 2019/12/15 v3.6 Data extraction from label references (HO)
)
(C:\Users\Bihurin Salsabila\AppData\Local\Programs\MiKTeX\tex/generic/gettitles
tring\gettitlestring.sty
Package: gettitlestring 2019/12/15 v1.6 Cleanup title references (HO)

(C:\Users\Bihurin Salsabila\AppData\Local\Programs\MiKTeX\tex/latex/kvoptions\k
voptions.sty
Package: kvoptions 2022-06-15 v3.15 Key value format for package options (HO)
))
\c@section@level=\count310
)
(C:\Users\Bihurin Salsabila\AppData\Local\Programs\MiKTeX\tex/generic/stringenc
\stringenc.sty
Package: stringenc 2019/11/29 v1.12 Convert strings between diff. encodings (HO
)
)
\@linkdim=\dimen171
\Hy@linkcounter=\count311
\Hy@pagecounter=\count312

(C:\Users\Bihurin Salsabila\AppData\Local\Programs\MiKTeX\tex/latex/hyperref\pd
1enc.def
File: pd1enc.def 2025-07-12 v7.01o Hyperref: PDFDocEncoding definition (HO)
)
(C:\Users\Bihurin Salsabila\AppData\Local\Programs\MiKTeX\tex/generic/intcalc\i
ntcalc.sty
Package: intcalc 2019/12/15 v1.3 Expandable calculations with integers (HO)
)
\Hy@SavedSpaceFactor=\count313

(C:\Users\Bihurin Salsabila\AppData\Local\Programs\MiKTeX\tex/latex/hyperref\pu
enc.def
File: puenc.def 2025-07-12 v7.01o Hyperref: PDF Unicode definition (HO)
)
Package hyperref Info: Hyper figures OFF on input line 4195.
Package hyperref Info: Link nesting OFF on input line 4200.
Package hyperref Info: Hyper index ON on input line 4203.
Package hyperref Info: Plain pages OFF on input line 4210.
Package hyperref Info: Backreferencing OFF on input line 4215.
Package hyperref Info: Implicit mode ON; LaTeX internals redefined.
Package hyperref Info: Bookmarks ON on input line 4462.
\c@Hy@tempcnt=\count314

(C:\Users\Bihurin Salsabila\AppData\Local\Programs\MiKTeX\tex/latex/url\url.sty
\Urlmuskip=\muskip17
Package: url 2013/09/16  ver 3.4  Verb mode for urls, etc.
)
LaTeX Info: Redefining \url on input line 4801.
\XeTeXLinkMargin=\dimen172

(C:\Users\Bihurin Salsabila\AppData\Local\Programs\MiKTeX\tex/generic/bitset\bi
tset.sty
Package: bitset 2019/12/09 v1.3 Handle bit-vector datatype (HO)

(C:\Users\Bihurin Salsabila\AppData\Local\Programs\MiKTeX\tex/generic/bigintcal
c\bigintcalc.sty
Package: bigintcalc 2019/12/15 v1.5 Expandable calculations on big integers (HO
)
))
\Fld@menulength=\count315
\Field@Width=\dimen173
\Fld@charsize=\dimen174
Package hyperref Info: Hyper figures OFF on input line 6078.
Package hyperref Info: Link nesting OFF on input line 6083.
Package hyperref Info: Hyper index ON on input line 6086.
Package hyperref Info: backreferencing OFF on input line 6093.
Package hyperref Info: Link coloring OFF on input line 6098.
Package hyperref Info: Link coloring with OCG OFF on input line 6103.
Package hyperref Info: PDF/A mode OFF on input line 6108.
\Hy@abspage=\count316
\c@Item=\count317
\c@Hfootnote=\count318
)
Package hyperref Info: Driver (autodetected): hxetex.

(C:\Users\Bihurin Salsabila\AppData\Local\Programs\MiKTeX\tex/latex/hyperref\hx
etex.def
File: hxetex.def 2025-07-12 v7.01o Hyperref driver for XeTeX
\pdfm@box=\box53
\c@Hy@AnnotLevel=\count319
\HyField@AnnotCount=\count320
\Fld@listcount=\count321
\c@bookmark@seq@number=\count322

(C:\Users\Bihurin Salsabila\AppData\Local\Programs\MiKTeX\tex/latex/rerunfilech
eck\rerunfilecheck.sty
Package: rerunfilecheck 2025-06-21 v1.11 Rerun checks for auxiliary files (HO)

(C:\Users\Bihurin Salsabila\AppData\Local\Programs\MiKTeX\tex/generic/uniquecou
nter\uniquecounter.sty
Package: uniquecounter 2019/12/15 v1.4 Provide unlimited unique counter (HO)
)
Package uniquecounter Info: New unique counter `rerunfilecheck' on input line 2
84.
)
\Hy@SectionHShift=\skip51
)
(C:\Users\Bihurin Salsabila\AppData\Local\Programs\MiKTeX\tex/latex/titlesec\ti
tlesec.sty
Package: titlesec 2025/01/04 v2.17 Sectioning titles
\ttl@box=\box54
\beforetitleunit=\skip52
\aftertitleunit=\skip53
\ttl@plus=\dimen175
\ttl@minus=\dimen176
\ttl@toksa=\toks22
\titlewidth=\dimen177
\titlewidthlast=\dimen178
\titlewidthfirst=\dimen179
)
(C:\Users\Bihurin Salsabila\AppData\Local\Programs\MiKTeX\tex/latex/tocloft\toc
loft.sty
Package: tocloft 2017/08/31 v2.3i parameterised ToC, etc., typesetting
Package tocloft Info: The document has chapter divisions on input line 51.
\cftparskip=\skip54
\cftbeforetoctitleskip=\skip55
\cftaftertoctitleskip=\skip56
\cftbeforepartskip=\skip57
\cftpartnumwidth=\skip58
\cftpartindent=\skip59
\cftbeforechapskip=\skip60
\cftchapindent=\skip61
\cftchapnumwidth=\skip62
\cftbeforesecskip=\skip63
\cftsecindent=\skip64
\cftsecnumwidth=\skip65
\cftbeforesubsecskip=\skip66
\cftsubsecindent=\skip67
\cftsubsecnumwidth=\skip68
\cftbeforesubsubsecskip=\skip69
\cftsubsubsecindent=\skip70
\cftsubsubsecnumwidth=\skip71
\cftbeforeparaskip=\skip72
\cftparaindent=\skip73
\cftparanumwidth=\skip74
\cftbeforesubparaskip=\skip75
\cftsubparaindent=\skip76
\cftsubparanumwidth=\skip77
\cftbeforeloftitleskip=\skip78
\cftafterloftitleskip=\skip79
\cftbeforefigskip=\skip80
\cftfigindent=\skip81
\cftfignumwidth=\skip82
\c@lofdepth=\count323
\c@lotdepth=\count324
\cftbeforelottitleskip=\skip83
\cftafterlottitleskip=\skip84
\cftbeforetabskip=\skip85
\cfttabindent=\skip86
\cfttabnumwidth=\skip87
)
(C:\Users\Bihurin Salsabila\AppData\Local\Programs\MiKTeX\tex/latex/lipsum\lips
um.sty
(C:\Users\Bihurin Salsabila\AppData\Local\Programs\MiKTeX\tex/latex/l3packages/
l3keys2e\l3keys2e.sty
Package: l3keys2e 2025-10-09 LaTeX2e option processing using LaTeX3 keys
)
Package: lipsum 2021-09-20 v2.7 150 paragraphs of Lorem Ipsum dummy text
\g__lipsum_par_int=\count325
\l__lipsum_a_int=\count326
\l__lipsum_b_int=\count327

(C:\Users\Bihurin Salsabila\AppData\Local\Programs\MiKTeX\tex/latex/lipsum\lips
um.ltd.tex))
(C:\Users\Bihurin Salsabila\AppData\Local\Programs\MiKTeX\tex/latex/floatrow\fl
oatrow.sty
Package: floatrow 2008/08/02 v0.3b floatrow: float package extension
\c@float@type=\count328
\float@exts=\toks23
\float@box=\box55
\@floatcapt=\box56
Package floatrow Info: Modified float package code loaded on input line 455.
Package floatrow Info: Modified rotfloat package code loaded on input line 473.

\FR@everyfloat=\toks24
\flrow@foot=\insert252
\FB@wd=\dimen180
\FBo@wd=\dimen181
\FBc@wd=\dimen182
\FBo@ht=\skip88
\FBc@ht=\skip89
\FBf@ht=\skip90
\FBo@max=\skip91
\FBc@max=\skip92
\FBf@max=\skip93
\c@FBl@b=\count329
\floatbox@depth=\count330
\c@FRobj=\count331
\c@FRsobj=\count332
\Xhsize=\skip94
\sXhsize=\skip95
\Zhsize=\skip96
\sZhsize=\skip97
\flrow@rowbox=\box57
\FR@Zunitlength=\dimen183
\c@FBcnt=\count333
\FPOScnt=\count334
\LTleft=\skip98
\LTright=\skip99
\LTleft=\skip100
\LTright=\skip101
\flrow@types=\toks25
)
(C:\Users\Bihurin Salsabila\AppData\Local\Programs\MiKTeX\tex/latex/listings\li
stings.sty \lstset,
\lst@mode=\count335
 
new hook `InitVars',

new hook `EndGroup',

new hook `ExitVars',

new hook `ModeTrue',

new hook `EOL',
\lst@gtempboxa=\box58
\lst@token=\toks26
\lst@length=\count336

new hook `InitVarsBOL',
\lst@currlwidth=\dimen184
\lst@column=\count337
\lst@pos=\count338
\lst@lostspace=\dimen185
\lst@width=\dimen186
basewidth, 
new hook `FontAdjust',
fontadjust, 
new hook `PostOutput',

new hook `OutputBox',

new hook `InitBOL',
columns, flexiblecolumns,
\lst@newlines=\count339
 
new hook `OnNewLine',
emptylines, 
new hook `OnEmptyLine',
identifierstyle, 
new hook `EmptyStyle',

new hook `OutputOther',

new hook `Output',
tabsize, showtabs, tab, showspaces, keepspaces, 
new hook `Init',
formfeed, upquote, SelectCharTable, MoreSelectCharTable,

new hook `SetLanguage',
extendedchars, useoutput, rescanchars, alsoletter, alsodigit, alsoother,

new hook `SelectCharTable',
excludedelims, delim, moredelim, deletedelim, literate, basicstyle,
inputencoding, multicols, 
new hook `EveryLine',
\lst@lineno=\count340
print, firstline, lastline, 
new hook `PreSet',
nolol, linerange, consecutivenumbers, rangeprefix, rangesuffix,
rangebeginprefix, rangebeginsuffix, rangeendprefix, rangeendsuffix,
includerangemarker, 
new hook `DeInit',
captionpos, abovecaptionskip, belowcaptionskip, label, title, caption,

new hook `TextStyle',
\lstlistingname, \lstlistingnamestyle, numberbychapter, boxpos, float,
floatplacement, aboveskip, belowskip, everydisplay, 
new hook `DisplayStyle',

new hook `PreInit',

new hook `EveryPar',
showlines,
\lst@maxwidth=\dimen187
 
new hook `InitVarsEOL',
gobble, name, \lstlistlistingname, \lstlistoflistings, inputpath,
\lstnewenvironment, fancyvrb,
(C:\Users\Bihurin Salsabila\AppData\Local\Programs\MiKTeX\tex/latex/listings\ls
tpatch.sty
File: lstpatch.sty 2025/10/06 1.11 (Carsten Heinz)
)
(C:\Users\Bihurin Salsabila\AppData\Local\Programs\MiKTeX\tex/latex/listings\ls
tmisc.sty
File: lstmisc.sty 2025/10/06 1.11 (Carsten Heinz)
 
Define lst-aspect `strings': string, morestring, deletestring, stringstyle,
showstringspaces, 
new hook `ExcludeDelims',

Allocs: none

Define lst-aspect `comments': comment, morecomment, deletecomment,
commentstyle, 
new hook `AfterBeginComment',

Allocs: none

Define lst-aspect `escape': texcl, escapebegin, escapeend, escapechar,
escapeinside, mathescape, 
Allocs: none

Define lst-aspect `keywords': sensitive, 
new hook `TrackKeywords',

new hook `PostTrackKeywords',

new hook `DetectKeywords',
classoffset, keywords, morekeywords, deletekeywords, keywordstyle,
keywordstyle, ndkeywords, morendkeywords, deletendkeywords, ndkeywordstyle,
keywordsprefix, otherkeywords, 
Allocs: none

Define lst-aspect `emph': emph, moreemph, deleteemph, emphstyle, 
Allocs: none

Define lst-aspect `index': index, moreindex, deleteindex, indexstyle,
\lstindexmacro, 
Allocs: none

Define lst-aspect `style': \lststylefiles, \lstdefinestyle, \lst@definestyle,
style, 
new hook `SetStyle',

Allocs: none

Define lst-aspect `language': \lstlanguagefiles, \lstdefinelanguage,
\lst@definelanguage, language, alsolanguage, \lstalias, defaultdialect,

Allocs: none

Define lst-aspect `labels': numbers, stepnumber, numberfirstline, numberstyle,
numbersep, numberblanklines, firstnumber,
\c@lstnumber=\count341
\lst@skipnumbers=\count342
 
Allocs: 2\count, 

Define lst-aspect `lineshape': xleftmargin, xrightmargin, resetmargins,

new hook `BoxUnsafe',
linewidth, lineskip, breaklines, breakindent, breakautoindent,
breakatwhitespace, prebreak, postbreak, 
Allocs: none

Define lst-aspect `frames': framexleftmargin, framexrightmargin,
framextopmargin, framexbottommargin, backgroundcolor, fillcolor, rulecolor,
rulesepcolor, rulesep, framerule, framesep, frameshape, frameround, frame,
\lst@framebox=\box59


Allocs: 1\box, 
) 
Allocs: 8\count, 4\dimen, 2\box, 1\toks, 

(C:\Users\Bihurin Salsabila\AppData\Local\Programs\MiKTeX\tex/latex/listings\li
stings.cfg
File: listings.cfg 2025/10/06 1.11 listings configuration
))
Package: listings 2025/10/06 1.11 (Carsten Heinz)

==> First Aid for listings.sty no longer applied!
    Expected:
        2024/09/23 1.10c (Carsten Heinz)
    but found:
        2025/10/06 1.11 (Carsten Heinz)
    so I'm assuming it got fixed.

(C:\Users\Bihurin Salsabila\AppData\Local\Programs\MiKTeX\tex/latex/amsmath\ams
math.sty
Package: amsmath 2025/07/09 v2.17z AMS math features
\@mathmargin=\skip102

For additional information on amsmath, use the `?' option.

(C:\Users\Bihurin Salsabila\AppData\Local\Programs\MiKTeX\tex/latex/amsmath\ams
text.sty
Package: amstext 2024/11/17 v2.01 AMS text

(C:\Users\Bihurin Salsabila\AppData\Local\Programs\MiKTeX\tex/latex/amsmath\ams
gen.sty
File: amsgen.sty 1999/11/30 v2.0 generic functions
\@emptytoks=\toks27
\ex@=\dimen188
))
(C:\Users\Bihurin Salsabila\AppData\Local\Programs\MiKTeX\tex/latex/amsmath\ams
bsy.sty
Package: amsbsy 1999/11/29 v1.2d Bold Symbols
\pmbraise@=\dimen189
)
(C:\Users\Bihurin Salsabila\AppData\Local\Programs\MiKTeX\tex/latex/amsmath\ams
opn.sty
Package: amsopn 2022/04/08 v2.04 operator names
)
\inf@bad=\count343
LaTeX Info: Redefining \frac on input line 233.
\uproot@=\count344
\leftroot@=\count345
LaTeX Info: Redefining \overline on input line 398.
LaTeX Info: Redefining \colon on input line 409.
\classnum@=\count346
\DOTSCASE@=\count347
LaTeX Info: Redefining \ldots on input line 495.
LaTeX Info: Redefining \dots on input line 498.
LaTeX Info: Redefining \cdots on input line 619.
\Mathstrutbox@=\box60
\strutbox@=\box61
LaTeX Info: Redefining \big on input line 721.
LaTeX Info: Redefining \Big on input line 722.
LaTeX Info: Redefining \bigg on input line 723.
LaTeX Info: Redefining \Bigg on input line 724.
\big@size=\dimen190
LaTeX Font Info:    Redeclaring font encoding OML on input line 742.
LaTeX Font Info:    Redeclaring font encoding OMS on input line 743.
\macc@depth=\count348
LaTeX Info: Redefining \bmod on input line 904.
LaTeX Info: Redefining \pmod on input line 909.
LaTeX Info: Redefining \smash on input line 939.
LaTeX Info: Redefining \relbar on input line 969.
LaTeX Info: Redefining \Relbar on input line 970.
\c@MaxMatrixCols=\count349
\dotsspace@=\muskip18
\c@parentequation=\count350
\dspbrk@lvl=\count351
\tag@help=\toks28
\row@=\count352
\column@=\count353
\maxfields@=\count354
\andhelp@=\toks29
\eqnshift@=\dimen191
\alignsep@=\dimen192
\tagshift@=\dimen193
\tagwidth@=\dimen194
\totwidth@=\dimen195
\lineht@=\dimen196
\@envbody=\toks30
\multlinegap=\skip103
\multlinetaggap=\skip104
\mathdisplay@stack=\toks31
LaTeX Info: Redefining \[ on input line 2950.
LaTeX Info: Redefining \] on input line 2951.
)
(C:\Users\Bihurin Salsabila\AppData\Local\Programs\MiKTeX\tex/latex/amsfonts\am
ssymb.sty
Package: amssymb 2013/01/14 v3.01 AMS font symbols

(C:\Users\Bihurin Salsabila\AppData\Local\Programs\MiKTeX\tex/latex/amsfonts\am
sfonts.sty
Package: amsfonts 2013/01/14 v3.01 Basic AMSFonts support
\symAMSa=\mathgroup4
\symAMSb=\mathgroup5
LaTeX Font Info:    Redeclaring math symbol \hbar on input line 98.
LaTeX Font Info:    Overwriting math alphabet `\mathfrak' in version `bold'
(Font)                  U/euf/m/n --> U/euf/b/n on input line 106.
))
(C:\Users\Bihurin Salsabila\AppData\Local\Programs\MiKTeX\tex/latex/enumitem\en
umitem.sty
Package: enumitem 2025/02/06 v3.11 Customized lists
\labelindent=\skip105
\enit@outerparindent=\dimen197
\enit@toks=\toks32
\enit@inbox=\box62
\enit@count@id=\count355
\enitdp@description=\count356
)
(C:\Users\Bihurin Salsabila\AppData\Local\Programs\MiKTeX\tex/latex/parskip\par
skip.sty
Package: parskip 2021-03-14 v2.0h non-zero parskip adjustments
)
(C:\Users\Bihurin Salsabila\AppData\Local\Programs\MiKTeX\tex/latex/tools\longt
able.sty
Package: longtable 2025-10-13 v4.24 Multi-page Table package (DPC)
\LTleft=\skip106
\LTright=\skip107
\LTpre=\skip108
\LTpost=\skip109
\LTchunksize=\count357
\LTcapwidth=\dimen198
\LT@head=\box63
\LT@firsthead=\box64
\LT@foot=\box65
\LT@lastfoot=\box66
\LT@gbox=\box67
\LT@cols=\count358
\LT@rows=\count359
\c@LT@tables=\count360
\c@LT@chunks=\count361
\LT@p@ftn=\toks33
)
(C:\Users\Bihurin Salsabila\AppData\Local\Programs\MiKTeX\tex/latex/booktabs\bo
oktabs.sty
Package: booktabs 2020/01/12 v1.61803398 Publication quality tables
\heavyrulewidth=\dimen199
\lightrulewidth=\dimen256
\cmidrulewidth=\dimen257
\belowrulesep=\dimen258
\belowbottomsep=\dimen259
\aboverulesep=\dimen260
\abovetopsep=\dimen261
\cmidrulesep=\dimen262
\cmidrulekern=\dimen263
\defaultaddspace=\dimen264
\@cmidla=\count362
\@cmidlb=\count363
\@aboverulesep=\dimen265
\@belowrulesep=\dimen266
\@thisruleclass=\count364
\@lastruleclass=\count365
\@thisrulewidth=\dimen267
)
(C:\Users\Bihurin Salsabila\AppData\Local\Programs\MiKTeX\tex/latex/datetime2\d
atetime2.sty
Package: datetime2 2021/03/21 v1.5.7 (NLCT) date and time formats

(C:\Users\Bihurin Salsabila\AppData\Local\Programs\MiKTeX\tex/latex/tracklang\t
racklang.sty
Package: tracklang 2025/03/11 v1.6.6 (NLCT) Track Languages

(C:\Users\Bihurin Salsabila\AppData\Local\Programs\MiKTeX\tex/generic/tracklang
\tracklang.tex)
Package tracklang Info: Tracking dialect `indonesian' (language `bahasai') on i
nput line 264.
Package tracklang Info: Tracking dialect `indonesian' (language `bahasai') on i
nput line 264.
)
(C:\Users\Bihurin Salsabila\AppData\Local\Programs\MiKTeX\tex/latex/xkeyval\xke
yval.sty
Package: xkeyval 2022/06/16 v2.9 package option processing (HA)

(C:\Users\Bihurin Salsabila\AppData\Local\Programs\MiKTeX\tex/generic/xkeyval\x
keyval.tex
(C:\Users\Bihurin Salsabila\AppData\Local\Programs\MiKTeX\tex/generic/xkeyval\x
kvutils.tex
\XKV@toks=\toks34
\XKV@tempa@toks=\toks35
)
\XKV@depth=\count366
File: xkeyval.tex 2014/12/03 v2.7a key=value parser (HA)
))
Package tracklang Info: Tracking dialect `bahasai' (language `bahasai') on inpu
t line 217.

(C:\Users\Bihurin Salsabila\AppData\Local\Programs\MiKTeX\tex/latex/datetime2-b
ahasai\datetime2-bahasai.ldf
File: datetime2-bahasai.ldf 2018/01/10 v1.01
))
(C:\Users\Bihurin Salsabila\AppData\Local\Programs\MiKTeX\tex/latex/tools\array
.sty
Package: array 2025/09/25 v2.6n Tabular extension package (FMi)
\col@sep=\dimen268
\ar@mcellbox=\box68
\extrarowheight=\dimen269
\NC@list=\toks36
\extratabsurround=\skip110
\backup@length=\skip111
\ar@cellbox=\box69
)
(C:\Users\Bihurin Salsabila\AppData\Local\Programs\MiKTeX\tex/latex/pdflscape\p
dflscape.sty
Package: pdflscape 2022-10-27 v0.13 Display of landscape pages in PDF

(C:\Users\Bihurin Salsabila\AppData\Local\Programs\MiKTeX\tex/latex/pdflscape\p
dflscape-nometadata.sty
Package: pdflscape-nometadata 2022-10-28 v0.13 Display of landscape pages in PD
F (HO)

(C:\Users\Bihurin Salsabila\AppData\Local\Programs\MiKTeX\tex/latex/graphics\ls
cape.sty
Package: lscape 2020/05/28 v3.02 Landscape Pages (DPC)
)
Package pdflscape Info: Auto-detected driver: dvipdfm (xetex) on input line 98.

))
(C:\Users\Bihurin Salsabila\AppData\Local\Programs\MiKTeX\tex/latex/tools\tabul
arx.sty
Package: tabularx 2023/12/11 v2.12a `tabularx' package (DPC)
\TX@col@width=\dimen270
\TX@old@table=\dimen271
\TX@old@col=\dimen272
\TX@target=\dimen273
\TX@delta=\dimen274
\TX@cols=\count367
\TX@ftn=\toks37
)
(C:\Users\Bihurin Salsabila\AppData\Local\Programs\MiKTeX\tex/latex/psnfss\pifo
nt.sty
Package: pifont 2020/03/25 PSNFSS-v9.3 Pi font support (SPQR) 
LaTeX Font Info:    Trying to load font information for U+pzd on input line 63.


(C:\Users\Bihurin Salsabila\AppData\Local\Programs\MiKTeX\tex/latex/psnfss\upzd
.fd
File: upzd.fd 2001/06/04 font definitions for U/pzd.
)
LaTeX Font Info:    Trying to load font information for U+psy on input line 64.


(C:\Users\Bihurin Salsabila\AppData\Local\Programs\MiKTeX\tex/latex/psnfss\upsy
.fd
File: upsy.fd 2001/06/04 font definitions for U/psy.
))
(C:\Users\Bihurin Salsabila\AppData\Local\Programs\MiKTeX\tex/latex/biblatex-ch
icago\biblatex-chicago.sty
Package: biblatex-chicago 2022/07/02 v 3.18 biblatex style

(C:\Users\Bihurin Salsabila\AppData\Local\Programs\MiKTeX\tex/latex/xstring\xst
ring.sty
(C:\Users\Bihurin Salsabila\AppData\Local\Programs\MiKTeX\tex/generic/xstring\x
string.tex
\xs_counta=\count368
\xs_countb=\count369
)
Package: xstring 2023/08/22 v1.86 String manipulations (CT)
)
(C:\Users\Bihurin Salsabila\AppData\Local\Programs\MiKTeX\tex/latex/biblatex\bi
blatex.sty
Package: biblatex 2025/07/10 v3.21 programmable bibliographies (PK/MW)

(C:\Users\Bihurin Salsabila\AppData\Local\Programs\MiKTeX\tex/latex/logreq\logr
eq.sty
Package: logreq 2010/08/04 v1.0 xml request logger
\lrq@indent=\count370

(C:\Users\Bihurin Salsabila\AppData\Local\Programs\MiKTeX\tex/latex/logreq\logr
eq.def
File: logreq.def 2010/08/04 v1.0 logreq spec v1.0
))
(C:\Users\Bihurin Salsabila\AppData\Local\Programs\MiKTeX\tex/latex/base\ifthen
.sty
Package: ifthen 2024/03/16 v1.1e Standard LaTeX ifthen package (DPC)
)
\c@tabx@nest=\count371
\c@listtotal=\count372
\c@listcount=\count373
\c@liststart=\count374
\c@liststop=\count375
\c@citecount=\count376
\c@citetotal=\count377
\c@multicitecount=\count378
\c@multicitetotal=\count379
\c@instcount=\count380
\c@maxnames=\count381
\c@minnames=\count382
\c@maxitems=\count383
\c@minitems=\count384
\c@citecounter=\count385
\c@maxcitecounter=\count386
\c@savedcitecounter=\count387
\c@uniquelist=\count388
\c@uniquename=\count389
\c@refsection=\count390
\c@refsegment=\count391
\c@maxextratitle=\count392
\c@maxextratitleyear=\count393
\c@maxextraname=\count394
\c@maxextradate=\count395
\c@maxextraalpha=\count396
\c@abbrvpenalty=\count397
\c@highnamepenalty=\count398
\c@lownamepenalty=\count399
\c@maxparens=\count400
\c@parenlevel=\count401
\blx@tempcnta=\count402
\blx@tempcntb=\count403
\blx@tempcntc=\count404
\c@blx@maxsection=\count405
\blx@maxsegment@0=\count406
\blx@notetype=\count407
\blx@parenlevel@text=\count408
\blx@parenlevel@foot=\count409
\blx@sectionciteorder@0=\count410
\blx@sectionciteorderinternal@0=\count411
\blx@entrysetcounter=\count412
\blx@biblioinstance=\count413
\labelnumberwidth=\skip112
\labelalphawidth=\skip113
\biblabelsep=\skip114
\bibitemsep=\skip115
\bibnamesep=\skip116
\bibinitsep=\skip117
\bibparsep=\skip118
\bibhang=\skip119
\blx@bcfin=\read3
\blx@bcfout=\write3
\blx@langwohyphens=\language80
\c@mincomprange=\count414
\c@maxcomprange=\count415
\c@mincompwidth=\count416
Package biblatex Info: Trying to load biblatex default data model...
Package biblatex Info: ... file 'blx-dm.def' found.

(C:\Users\Bihurin Salsabila\AppData\Local\Programs\MiKTeX\tex/latex/biblatex\bl
x-dm.def
File: blx-dm.def 2025/07/10 v3.21 biblatex datamodel (PK/MW)
)
Package biblatex Info: Trying to load biblatex style data model...
Package biblatex Info: ... file 'chicago-authordate.dbx' not found.
Package biblatex Info: Trying to load biblatex custom data model...
Package biblatex Info: ... file 'biblatex-dm.cfg' not found.
\c@afterword=\count417
\c@savedafterword=\count418
\c@annotator=\count419
\c@savedannotator=\count420
\c@author=\count421
\c@savedauthor=\count422
\c@bookauthor=\count423
\c@savedbookauthor=\count424
\c@commentator=\count425
\c@savedcommentator=\count426
\c@editor=\count427
\c@savededitor=\count428
\c@editora=\count429
\c@savededitora=\count430
\c@editorb=\count431
\c@savededitorb=\count432
\c@editorc=\count433
\c@savededitorc=\count434
\c@foreword=\count435
\c@savedforeword=\count436
\c@holder=\count437
\c@savedholder=\count438
\c@introduction=\count439
\c@savedintroduction=\count440
\c@namea=\count441
\c@savednamea=\count442
\c@nameb=\count443
\c@savednameb=\count444
\c@namec=\count445
\c@savednamec=\count446
\c@translator=\count447
\c@savedtranslator=\count448
\c@shortauthor=\count449
\c@savedshortauthor=\count450
\c@shorteditor=\count451
\c@savedshorteditor=\count452
\c@labelname=\count453
\c@savedlabelname=\count454
\c@institution=\count455
\c@savedinstitution=\count456
\c@lista=\count457
\c@savedlista=\count458
\c@listb=\count459
\c@savedlistb=\count460
\c@listc=\count461
\c@savedlistc=\count462
\c@listd=\count463
\c@savedlistd=\count464
\c@liste=\count465
\c@savedliste=\count466
\c@listf=\count467
\c@savedlistf=\count468
\c@location=\count469
\c@savedlocation=\count470
\c@organization=\count471
\c@savedorganization=\count472
\c@origlocation=\count473
\c@savedoriglocation=\count474
\c@origpublisher=\count475
\c@savedorigpublisher=\count476
\c@publisher=\count477
\c@savedpublisher=\count478
\c@language=\count479
\c@savedlanguage=\count480
\c@origlanguage=\count481
\c@savedoriglanguage=\count482
\c@pageref=\count483
\c@savedpageref=\count484
\shorthandwidth=\skip120
\shortjournalwidth=\skip121
\shortserieswidth=\skip122
\shorttitlewidth=\skip123
\shortauthorwidth=\skip124
\shorteditorwidth=\skip125
\locallabelnumberwidth=\skip126
\locallabelalphawidth=\skip127
\localshorthandwidth=\skip128
\localshortjournalwidth=\skip129
\localshortserieswidth=\skip130
\localshorttitlewidth=\skip131
\localshortauthorwidth=\skip132
\localshorteditorwidth=\skip133
Package biblatex Info: Trying to load enhanced support for Unicode engines...
Package biblatex Info: ... file 'blx-unicode.def' found.

(C:\Users\Bihurin Salsabila\AppData\Local\Programs\MiKTeX\tex/latex/biblatex\bl
x-unicode.def)
Package biblatex Info: Trying to load compatibility code...
Package biblatex Info: ... file 'blx-compat.def' found.

(C:\Users\Bihurin Salsabila\AppData\Local\Programs\MiKTeX\tex/latex/biblatex\bl
x-compat.def
File: blx-compat.def 2025/07/10 v3.21 biblatex compatibility (PK/MW)
)
Package biblatex Info: Trying to load generic definitions...
Package biblatex Info: ... file 'biblatex.def' found.

(C:\Users\Bihurin Salsabila\AppData\Local\Programs\MiKTeX\tex/latex/biblatex\bi
blatex.def
File: biblatex.def 2025/07/10 v3.21 biblatex compatibility (PK/MW)
\c@textcitecount=\count485
\c@textcitetotal=\count486
\c@textcitemaxnames=\count487
\c@biburlbigbreakpenalty=\count488
\c@biburlbreakpenalty=\count489
\c@biburlnumpenalty=\count490
\c@biburlucpenalty=\count491
\c@biburllcpenalty=\count492
\biburlbigskip=\muskip19
\biburlnumskip=\muskip20
\biburlucskip=\muskip21
\biburllcskip=\muskip22
\c@smartand=\count493
)
Package biblatex Info: Trying to load bibliography style 'chicago-authordate'..
.
Package biblatex Info: ... file 'chicago-authordate.bbx' found.

(C:\Users\Bihurin Salsabila\AppData\Local\Programs\MiKTeX\tex/latex/biblatex-ch
icago\chicago-authordate.bbx
File: chicago-authordate.bbx 2022/11/17 v 3.18b biblatex bibliography style
\lositemsep=\skip134
Package biblatex Info: Delimiter 'revsdnamedelim' in context '' already defined
, overwriting.
\cms@tempcnta=\count494
\cms@tempcntb=\count495
\c@bbx:relatedcount=\count496
\c@bbx:relatedtotal=\count497
)
Package biblatex Info: Trying to load citation style 'chicago-authordate'...
Package biblatex Info: ... file 'chicago-authordate.cbx' found.

(C:\Users\Bihurin Salsabila\AppData\Local\Programs\MiKTeX\tex/latex/biblatex-ch
icago\chicago-authordate.cbx
File: chicago-authordate.cbx 2022/07/02 v 3.18 biblatex citation style
Package biblatex Info: Trying to load citation style 'chicago-dates-common'...
Package biblatex Info: ... file 'chicago-dates-common.cbx' found.

(C:\Users\Bihurin Salsabila\AppData\Local\Programs\MiKTeX\tex/latex/biblatex-ch
icago\chicago-dates-common.cbx
File: chicago-dates-common.cbx 2024/04/15 v 3.20 biblatex citation style
Package biblatex Info: Redefining '\cite'.
Package biblatex Info: Redefining '\parencite'.
Package biblatex Info: Redefining '\footcite'.
Package biblatex Info: Redefining '\footcitetext'.
Package biblatex Info: Redefining '\citetitle'.
Package biblatex Info: Redefining '\footfullcite'.
Package biblatex Info: Redefining '\fullcite'.
Package biblatex Info: Redefining '\textcite'.
Package biblatex Info: Redefining '\textcites'.
Package biblatex Info: Redefining '\cites'.
Package biblatex Info: Redefining '\parencites'.
Package biblatex Info: Redefining '\footcites'.
Package biblatex Info: Redefining '\footcitetexts'.
\c@cms@punct=\count498
Package biblatex Info: Delimiter 'dateeradelim' in context '' already defined, 
overwriting.
))
Package biblatex Info: Trying to load configuration file...
Package biblatex Info: ... file 'biblatex.cfg' found.

(C:\Users\Bihurin Salsabila\AppData\Local\Programs\MiKTeX\tex/latex/biblatex\bi
blatex.cfg
File: biblatex.cfg 
)
Package biblatex Info: XeTeX detected.
(biblatex)             Assuming input encoding 'utf8'.
Package biblatex Info: Document encoding is UTF8 ....
Package biblatex Info: ... and expl3
(biblatex)             2025-10-24 L3 programming layer (loader) 
(biblatex)             is new enough (at least 2020/04/06),
(biblatex)             setting 'casechanger=expl3'.

(C:\Users\Bihurin Salsabila\AppData\Local\Programs\MiKTeX\tex/latex/biblatex\bl
x-case-expl3.sty
Package: blx-case-expl3 2025/07/10 v3.21 expl3 case changing code for biblatex
)))
Package hyperref Info: Option `colorlinks' set `true' on input line 169.
Package csquotes Info: Checking for multilingual support...
Package csquotes Info: ... found 'babel' package.
Package csquotes Info: Adjusting default style.


Package csquotes Warning: No style for language 'indonesian'.
(csquotes)                Using fallback style on input line 215.

Package csquotes Info: Redefining alias 'default' -> 'fallback'.
(ProposalTA.aux
(C:\Users\Bihurin Salsabila\AppData\Local\Programs\MiKTeX\tex/generic/babel/loc
ale/en\babel-english.tex)
Package babel Info: Importing data for english
(babel)             from babel-en.ini. Reported on input line 10.
)
\openout1 = `ProposalTA.aux'.

LaTeX Font Info:    Checking defaults for OML/cmm/m/it on input line 215.
LaTeX Font Info:    ... okay on input line 215.
LaTeX Font Info:    Checking defaults for OMS/cmsy/m/n on input line 215.
LaTeX Font Info:    ... okay on input line 215.
LaTeX Font Info:    Checking defaults for OT1/cmr/m/n on input line 215.
LaTeX Font Info:    ... okay on input line 215.
LaTeX Font Info:    Checking defaults for T1/cmr/m/n on input line 215.
LaTeX Font Info:    ... okay on input line 215.
LaTeX Font Info:    Checking defaults for TS1/cmr/m/n on input line 215.
LaTeX Font Info:    ... okay on input line 215.
LaTeX Font Info:    Checking defaults for TU/lmr/m/n on input line 215.
LaTeX Font Info:    ... okay on input line 215.
LaTeX Font Info:    Checking defaults for OMX/cmex/m/n on input line 215.
LaTeX Font Info:    ... okay on input line 215.
LaTeX Font Info:    Checking defaults for U/cmr/m/n on input line 215.
LaTeX Font Info:    ... okay on input line 215.
LaTeX Font Info:    Checking defaults for PD1/pdf/m/n on input line 215.
LaTeX Font Info:    ... okay on input line 215.
LaTeX Font Info:    Checking defaults for PU/pdf/m/n on input line 215.
LaTeX Font Info:    ... okay on input line 215.

Package fontspec Info: 
(fontspec)             Adjusting the maths setup (use [no-math] to avoid
(fontspec)             this).

\symlegacymaths=\mathgroup6
LaTeX Font Info:    Overwriting symbol font `legacymaths' in version `bold'
(Font)                  OT1/cmr/m/n --> OT1/cmr/bx/n on input line 215.
LaTeX Font Info:    Redeclaring math accent \acute on input line 215.
LaTeX Font Info:    Redeclaring math accent \grave on input line 215.
LaTeX Font Info:    Redeclaring math accent \ddot on input line 215.
LaTeX Font Info:    Redeclaring math accent \tilde on input line 215.
LaTeX Font Info:    Redeclaring math accent \bar on input line 215.
LaTeX Font Info:    Redeclaring math accent \breve on input line 215.
LaTeX Font Info:    Redeclaring math accent \check on input line 215.
LaTeX Font Info:    Redeclaring math accent \hat on input line 215.
LaTeX Font Info:    Redeclaring math accent \dot on input line 215.
LaTeX Font Info:    Redeclaring math accent \mathring on input line 215.
LaTeX Font Info:    Redeclaring math symbol \Gamma on input line 215.
LaTeX Font Info:    Redeclaring math symbol \Delta on input line 215.
LaTeX Font Info:    Redeclaring math symbol \Theta on input line 215.
LaTeX Font Info:    Redeclaring math symbol \Lambda on input line 215.
LaTeX Font Info:    Redeclaring math symbol \Xi on input line 215.
LaTeX Font Info:    Redeclaring math symbol \Pi on input line 215.
LaTeX Font Info:    Redeclaring math symbol \Sigma on input line 215.
LaTeX Font Info:    Redeclaring math symbol \Upsilon on input line 215.
LaTeX Font Info:    Redeclaring math symbol \Phi on input line 215.
LaTeX Font Info:    Redeclaring math symbol \Psi on input line 215.
LaTeX Font Info:    Redeclaring math symbol \Omega on input line 215.
LaTeX Font Info:    Redeclaring math symbol \mathdollar on input line 215.
LaTeX Font Info:    Redeclaring symbol font `operators' on input line 215.
LaTeX Font Info:    Encoding `OT1' has changed to `TU' for symbol font
(Font)              `operators' in the math version `normal' on input line 215.

LaTeX Font Info:    Overwriting symbol font `operators' in version `normal'
(Font)                  OT1/cmr/m/n --> TU/TimesNewRoman(0)/m/n on input line 2
15.
LaTeX Font Info:    Encoding `OT1' has changed to `TU' for symbol font
(Font)              `operators' in the math version `bold' on input line 215.
LaTeX Font Info:    Overwriting symbol font `operators' in version `bold'
(Font)                  OT1/cmr/bx/n --> TU/TimesNewRoman(0)/m/n on input line 
215.
LaTeX Font Info:    Overwriting symbol font `operators' in version `normal'
(Font)                  TU/TimesNewRoman(0)/m/n --> TU/TimesNewRoman(0)/m/n on 
input line 215.
LaTeX Font Info:    Overwriting math alphabet `\mathit' in version `normal'
(Font)                  OT1/cmr/m/it --> TU/TimesNewRoman(0)/m/it on input line
 215.
LaTeX Font Info:    Overwriting math alphabet `\mathbf' in version `normal'
(Font)                  OT1/cmr/bx/n --> TU/TimesNewRoman(0)/b/n on input line 
215.
LaTeX Font Info:    Overwriting math alphabet `\mathsf' in version `normal'
(Font)                  OT1/cmss/m/n --> TU/lmss/m/n on input line 215.
LaTeX Font Info:    Overwriting math alphabet `\mathtt' in version `normal'
(Font)                  OT1/cmtt/m/n --> TU/lmtt/m/n on input line 215.
LaTeX Font Info:    Overwriting symbol font `operators' in version `bold'
(Font)                  TU/TimesNewRoman(0)/m/n --> TU/TimesNewRoman(0)/b/n on 
input line 215.
LaTeX Font Info:    Overwriting math alphabet `\mathit' in version `bold'
(Font)                  OT1/cmr/bx/it --> TU/TimesNewRoman(0)/b/it on input lin
e 215.
LaTeX Font Info:    Overwriting math alphabet `\mathsf' in version `bold'
(Font)                  OT1/cmss/bx/n --> TU/lmss/b/n on input line 215.
LaTeX Font Info:    Overwriting math alphabet `\mathtt' in version `bold'
(Font)                  OT1/cmtt/m/n --> TU/lmtt/b/n on input line 215.

*geometry* driver: auto-detecting
*geometry* detected driver: xetex
*geometry* verbose mode - [ preamble ] result:
* driver: xetex
* paper: a4paper
* layout: <same size as paper>
* layoutoffset:(h,v)=(0.0pt,0.0pt)
* modes: 
* h-part:(L,W,R)=(113.81102pt, 398.3386pt, 85.35826pt)
* v-part:(T,H,B)=(85.35826pt, 674.33032pt, 85.35826pt)
* \paperwidth=597.50787pt
* \paperheight=845.04684pt
* \textwidth=398.3386pt
* \textheight=674.33032pt
* \oddsidemargin=41.54103pt
* \evensidemargin=41.54103pt
* \topmargin=-18.78552pt
* \headheight=12.0pt
* \headsep=19.8738pt
* \topskip=12.0pt
* \footskip=30.0pt
* \marginparwidth=38.0pt
* \marginparsep=7.0pt
* \columnsep=10.0pt
* \skip\footins=10.8pt plus 4.0pt minus 2.0pt
* \hoffset=0.0pt
* \voffset=0.0pt
* \mag=1000
* \@twocolumnfalse
* \@twosidefalse
* \@mparswitchfalse
* \@reversemarginfalse
* (1in=72.27pt=25.4mm, 1cm=28.453pt)

Package caption Info: Begin \AtBeginDocument code.
Package caption Info: float package is loaded.
Package caption Info: floatrow package is loaded.
Package caption Info: floatrow package is loaded.
Package caption Info: hyperref package is loaded.
Package caption Info: listings package is loaded.
Package caption Info: longtable package is loaded.

(C:\Users\Bihurin Salsabila\AppData\Local\Programs\MiKTeX\tex/latex/caption\ltc
aption.sty
Package: ltcaption 2021/01/08 v1.4c longtable captions (AR)
)
Package caption Info: Fixing longtable code of `floatrow' package.
Package caption Info: End \AtBeginDocument code.

(C:\Users\Bihurin Salsabila\AppData\Local\Programs\MiKTeX\tex/latex/graphics\co
lor.sty
Package: color 2025/01/14 v1.3e Standard LaTeX Color (DPC)

(C:\Users\Bihurin Salsabila\AppData\Local\Programs\MiKTeX\tex/latex/graphics-cf
g\color.cfg
File: color.cfg 2016/01/02 v1.6 sample color configuration
)
Package color Info: Driver file: xetex.def on input line 149.

(C:\Users\Bihurin Salsabila\AppData\Local\Programs\MiKTeX\tex/latex/graphics\ma
thcolor.ltx))
Package hyperref Info: Link coloring ON on input line 215.
 (ProposalTA.out) (ProposalTA.out)
\@outlinefile=\write4
\openout4 = `ProposalTA.out'.


(C:\Users\Bihurin Salsabila\AppData\Local\Programs\MiKTeX\tex/latex/floatrow\fr
-longtable.sty
Package: fr-longtable 2007/11/28 v0.1b (beta) floatrow: additions for longtable

\flrow@LT@lasthead=\box70
\flrow@LT@prelastfoot=\box71
\c@FBLTpage=\count499
)
\c@lstlisting=\count500
Package biblatex Info: Trying to load language 'indonesian'...
Package biblatex Info: ... file 'indonesian.lbx' not found.


Package biblatex Warning: Language 'indonesian' not supported.
(biblatex)                Using dummy definitions on input line 215.

Package biblatex Info: Trying to load language 'english'...
Package biblatex Info: ... file 'english.lbx' found.

(C:\Users\Bihurin Salsabila\AppData\Local\Programs\MiKTeX\tex/latex/biblatex/lb
x\english.lbx
File: english.lbx 2025/07/10 v3.21 biblatex localization (PK/MW)
)
Package biblatex Info: XeTeX detected.
(biblatex)             Assuming input encoding 'utf8'.
Package biblatex Info: Automatic encoding selection.
(biblatex)             Assuming data encoding 'utf8'.
\openout3 = `ProposalTA.bcf'.

Package biblatex Info: Trying to load bibliographic data...
Package biblatex Info: ... file 'ProposalTA.bbl' found.
 (ProposalTA.bbl)
Package biblatex Info: Reference section=0 on input line 215.
Package biblatex Info: Reference segment=0 on input line 215.
File: image/ganesha.jpg Graphic file (type bmp)
<image/ganesha.jpg>


Package datetime2 Warning: Region `bahasai' has ignored 
(datetime2)                the following settings:
(datetime2)                showmonthname=true
 on input line 257.

[1


] [1] (ProposalTA.toc
LaTeX Font Info:    Trying to load font information for U+msa on input line 8.

(C:\Users\Bihurin Salsabila\AppData\Local\Programs\MiKTeX\tex/latex/amsfonts\um
sa.fd
File: umsa.fd 2013/01/14 v3.01 AMS symbols A
)
LaTeX Font Info:    Trying to load font information for U+msb on input line 8.

(C:\Users\Bihurin Salsabila\AppData\Local\Programs\MiKTeX\tex/latex/amsfonts\um
sb.fd
File: umsb.fd 2013/01/14 v3.01 AMS symbols B
) [2

])
\tf@toc=\write5
\openout5 = `ProposalTA.toc'.

 [3] (ProposalTA.lof
Overfull \hbox (2.9396pt too wide) in paragraph at lines 19--19
 [][] [][][]\TU/TimesNewRoman(0)/m/n/12 Estimasi Peningkatan Kinerja Teknologi 
Pengadaan Digital ([][]Deloitte 
 []

)
\tf@lof=\write6
\openout6 = `ProposalTA.lof'.

 [4] (ProposalTA.lot)
\tf@lot=\write7
\openout7 = `ProposalTA.lot'.

 [5] (Bab I - Pendahuluan.tex
Bab I.

Overfull \hbox (2.58878pt too wide) in paragraph at lines 10--11
\TU/TimesNewRoman(0)/m/n/12 katkan, mengotomatisasi, dan menyederhanakan aktivi
tas pengadaan dari tahap sum-
 []

[1


]
File: image/grafik procurement technology.png Graphic file (type bmp)
<image/grafik procurement technology.png>


Package biblatex-chicago Warning: Empty Ibidem citation on input line 18.


Package biblatex-chicago Warning: Empty Ibidem citation on input line 18.


Package biblatex-chicago Warning: Empty Ibidem citation on input line 22.

[2]
Overfull \hbox (1.50417pt too wide) in paragraph at lines 28--29
\TU/TimesNewRoman(0)/m/n/12 Based View (RBV) yang menekankan pentingnya kapabil
itas teknologi sebagai sum-
 []

[3] [4] [5] [6] [7] [8] [9]) (Bab II - Studi-Literatur.tex [10]
Bab II.
[11

]
File: image/ilustrasi pengadaan digital.png Graphic file (type bmp)
<image/ilustrasi pengadaan digital.png>
 [12]
Overfull \hbox (12.52469pt too wide) in paragraph at lines 31--32
[]\TU/TimesNewRoman(0)/m/n/12 Literatur menyebutkan bahwa Pengadaan Digital umu
mnya mencakup fitur e-sourcing,
 []


Overfull \hbox (2.3306pt too wide) in paragraph at lines 31--32
\TU/TimesNewRoman(0)/m/n/12 e-tendering, contract management, vendor management
, inventory monitoring, hing-
 []

[13]
File: image/source to pay.png Graphic file (type bmp)
<image/source to pay.png>


Package biblatex-chicago Warning: Empty Ibidem citation on input line 45.

[14]
Overfull \hbox (4.16922pt too wide) in paragraph at lines 61--62
\TU/TimesNewRoman(0)/m/n/12 Pengadaan Digital menawarkan berbagai kelebihan yan
g mampu meningkatkan efek-
 []

[15] [16] [17] [18] [19]
Overfull \hbox (2.22781pt too wide) in paragraph at lines 134--135
[]\TU/TimesNewRoman(0)/m/n/12 Berbagai studi memperlihatkan bahwa kombinasi tek
nologi-teknologi tersebut mam-
 []


Underfull \hbox (badness 5548) in paragraph at lines 144--145
[]|\TU/TimesNewRoman(0)/m/n/12 Artificial Intelli-
 []


Underfull \hbox (badness 1648) in paragraph at lines 145--146
[]|\TU/TimesNewRoman(0)/m/n/12 Menganalisis pola pengada-
 []


Underfull \hbox (badness 2837) in paragraph at lines 145--146
\TU/TimesNewRoman(0)/m/n/12 an, mengevaluasi pemasok,
 []


Underfull \hbox (badness 10000) in paragraph at lines 145--146
\TU/TimesNewRoman(0)/m/n/12 memprediksi risiko, dan
 []


Underfull \hbox (badness 10000) in paragraph at lines 145--146
\TU/TimesNewRoman(0)/m/n/12 memberikan rekomendasi
 []


Underfull \hbox (badness 2799) in paragraph at lines 146--147
\TU/TimesNewRoman(0)/m/n/12 siko lebih dini; peningkat-
 []


Underfull \hbox (badness 3930) in paragraph at lines 146--147
\TU/TimesNewRoman(0)/m/n/12 an kualitas evaluasi pema-
 []


Underfull \hbox (badness 10000) in paragraph at lines 150--151
[]|\TU/TimesNewRoman(0)/m/n/12 Memantau kondisi barang,
 []


Underfull \hbox (badness 2181) in paragraph at lines 150--151
\TU/TimesNewRoman(0)/m/n/12 peralatan, dan stok gudang
 []


Underfull \hbox (badness 10000) in paragraph at lines 150--151
\TU/TimesNewRoman(0)/m/n/12 secara real-time melalui
 []


Underfull \hbox (badness 10000) in paragraph at lines 151--152
[]|\TU/TimesNewRoman(0)/m/n/12 Visibilitas inventori me-
 []


Underfull \hbox (badness 10000) in paragraph at lines 151--152
\TU/TimesNewRoman(0)/m/n/12 ningkat; mencegah stock-
 []


Underfull \hbox (badness 10000) in paragraph at lines 151--152
\TU/TimesNewRoman(0)/m/n/12 keandalan operasional.
 []


Underfull \hbox (badness 10000) in paragraph at lines 154--155
[]|\TU/TimesNewRoman(0)/m/n/12 Robotic Process
 []


Underfull \hbox (badness 10000) in paragraph at lines 154--155
\TU/TimesNewRoman(0)/m/n/12 Automation
 []


Underfull \hbox (badness 10000) in paragraph at lines 155--156
[]|\TU/TimesNewRoman(0)/m/n/12 Mengotomatisasi aktivitas
 []


Underfull \hbox (badness 4048) in paragraph at lines 155--156
\TU/TimesNewRoman(0)/m/n/12 administratif seperti penge-
 []


Underfull \hbox (badness 10000) in paragraph at lines 155--156
\TU/TimesNewRoman(0)/m/n/12 cekan dokumen, verifikasi
 []


Underfull \hbox (badness 10000) in paragraph at lines 156--157
[]|\TU/TimesNewRoman(0)/m/n/12 Mengurangi human error;
 []


Underfull \hbox (badness 10000) in paragraph at lines 161--162
[]|\TU/TimesNewRoman(0)/m/n/12 Efisiensi biaya meningkat;
 []


Underfull \hbox (badness 10000) in paragraph at lines 161--162
\TU/TimesNewRoman(0)/m/n/12 keputusan strategis lebih
 []


Overfull \hbox (9.1472pt too wide) in paragraph at lines 137--170
 [][] 
 []

[20] [21]

Package biblatex-chicago Warning: Empty Ibidem citation on input line 186.


Overfull \hbox (11.54813pt too wide) in paragraph at lines 186--187
\TU/TimesNewRoman(0)/m/n/12 Six Sigma merupakan suatu pendekatan manajemen kual
itas yang memadukan prinsip-
 []


Package biblatex-chicago Warning: Empty Ibidem citation on input line 190.

[22] [23] [24] [25] [26] [27]

Package biblatex-chicago Warning: Empty Ibidem citation on input line 268.

[28]

Package biblatex-chicago Warning: Empty Ibidem citation on input line 270.

[29]
Underfull \hbox (badness 1701) in paragraph at lines 284--284
[]|\TU/TimesNewRoman(0)/b/n/10 Hal yang Relevan terha-
 []


Overfull \hbox (54.883pt too wide) in alignment at lines 276--285
 [] [] [] [] [] [] 
 []


Overfull \hbox (54.883pt too wide) in alignment at lines 285--286
 [] [] [] [] [] [] 
 []


Underfull \hbox (badness 10000) in paragraph at lines 288--288
[]|\TU/TimesNewRoman(0)/m/n/10 Bienhaus
 []


Underfull \hbox (badness 10000) in paragraph at lines 288--288
\TU/TimesNewRoman(0)/m/n/10 & Haddud
 []


Underfull \hbox (badness 1077) in paragraph at lines 293--293
[]|\TU/TimesNewRoman(0)/m/n/10 Dasar teoretis keberhasilan
 []


Underfull \hbox (badness 10000) in paragraph at lines 295--295
[]|\TU/TimesNewRoman(0)/m/n/10 Hallikas
 []


Underfull \hbox (badness 2865) in paragraph at lines 296--296
[]|\TU/TimesNewRoman(0)/m/n/10 Meneliti pengaruh data analytics
 []


Underfull \hbox (badness 1502) in paragraph at lines 298--298
[]|\TU/TimesNewRoman(0)/m/n/10 Fokus manufaktur; kurang
 []


Underfull \hbox (badness 3158) in paragraph at lines 300--300
[]|\TU/TimesNewRoman(0)/m/n/10 Mendukung argumen pen-
 []


Underfull \hbox (badness 10000) in paragraph at lines 302--302
[]|\TU/TimesNewRoman(0)/m/n/10 Croom &
 []


Underfull \hbox (badness 10000) in paragraph at lines 302--302
\TU/TimesNewRoman(0)/m/n/10 Brandon-
 []


Underfull \hbox (badness 1237) in paragraph at lines 303--303
[]|\TU/TimesNewRoman(0)/m/n/10 Studi kasus e-procurement sektor
 []


Underfull \hbox (badness 1701) in paragraph at lines 307--307
[]|\TU/TimesNewRoman(0)/m/n/10 Relevan untuk kondisi PT
 []


Underfull \hbox (badness 7415) in paragraph at lines 314--314
[]|\TU/TimesNewRoman(0)/m/n/10 Analisis kesiapan internal
 []


Underfull \hbox (badness 10000) in paragraph at lines 316--316
[]|\TU/TimesNewRoman(0)/m/n/10 Accenture
 []


Underfull \hbox (badness 4279) in paragraph at lines 317--317
[]|\TU/TimesNewRoman(0)/m/n/10 Studi digital procurement sektor
 []


Underfull \hbox (badness 10000) in paragraph at lines 318--318
[]|\TU/TimesNewRoman(0)/m/n/10 Sangat relevan ener-
 []


Underfull \hbox (badness 4403) in paragraph at lines 318--318
\TU/TimesNewRoman(0)/m/n/10 gi/migas; insight strategis
 []


Underfull \hbox (badness 10000) in paragraph at lines 320--320
[]|\TU/TimesNewRoman(0)/m/n/10 Implementasi digital pro-
 []


Underfull \hbox (badness 2980) in paragraph at lines 320--320
\TU/TimesNewRoman(0)/m/n/10 curement pada perusahaan
 []


Underfull \hbox (badness 10000) in paragraph at lines 321--321
[]|\TU/TimesNewRoman(0)/m/n/10 Pembanding implementasi
 []


Underfull \hbox (badness 10000) in paragraph at lines 321--321
\TU/TimesNewRoman(0)/m/n/10 Digital Procurement PT
 []


Overfull \hbox (54.883pt too wide) in alignment at lines 286--323
 [] [] [] [] [] [] 
 []

[30

]) (Bab III - Analisis-Masalah.tex
Bab III.
[31


] [32] [33] [34] [35] [36] [37] [38] [39]
Underfull \hbox (badness 10000) in paragraph at lines 158--158
[]|\TU/TimesNewRoman(0)/b/n/12 Permasalahan
 []


Underfull \hbox (badness 10000) in paragraph at lines 158--158
[]|\TU/TimesNewRoman(0)/b/n/12 Keterkaitan dengan
 []


Underfull \hbox (badness 7631) in paragraph at lines 160--160
[]|\TU/TimesNewRoman(0)/m/n/12 Fragmentasi sis-
 []


Underfull \hbox (badness 3039) in paragraph at lines 161--161
[]|\TU/TimesNewRoman(0)/m/n/12 Terdapat banyak apli-
 []


Underfull \hbox (badness 10000) in paragraph at lines 162--162
[]|\TU/TimesNewRoman(0)/m/n/12 Fragmentasi sistem
 []


Underfull \hbox (badness 10000) in paragraph at lines 162--162
\TU/TimesNewRoman(0)/m/n/12 menghambat efisiensi
 []


Underfull \hbox (badness 3525) in paragraph at lines 162--162
\TU/TimesNewRoman(0)/m/n/12 ngadaan (Bienhaus &
 []


Underfull \hbox (badness 10000) in paragraph at lines 164--164
[]|\TU/TimesNewRoman(0)/m/n/12 Rendahnya vi-
 []


Underfull \hbox (badness 7576) in paragraph at lines 164--164
\TU/TimesNewRoman(0)/m/n/12 sibilitas data &
 []


Underfull \hbox (badness 10000) in paragraph at lines 165--165
[]|\TU/TimesNewRoman(0)/m/n/12 Kesulitan memantau
 []


Underfull \hbox (badness 10000) in paragraph at lines 165--165
\TU/TimesNewRoman(0)/m/n/12 progres pengadaan
 []


Underfull \hbox (badness 10000) in paragraph at lines 165--165
\TU/TimesNewRoman(0)/m/n/12 secara real-time dan
 []


Underfull \hbox (badness 10000) in paragraph at lines 165--165
\TU/TimesNewRoman(0)/m/n/12 belum adanya satu
 []


Underfull \hbox (badness 10000) in paragraph at lines 166--166
[]|\TU/TimesNewRoman(0)/m/n/12 Pengadaan Digital
 []


Underfull \hbox (badness 10000) in paragraph at lines 166--166
\TU/TimesNewRoman(0)/m/n/12 meningkatkan visibi-
 []


Underfull \hbox (badness 1019) in paragraph at lines 166--166
\TU/TimesNewRoman(0)/m/n/12 litas dan pengendalian
 []


Underfull \hbox (badness 1377) in paragraph at lines 166--166
\TU/TimesNewRoman(0)/m/n/12 data (Accenture 2022;
 []


Underfull \hbox (badness 10000) in paragraph at lines 168--168
[]|\TU/TimesNewRoman(0)/m/n/12 Ketergantungan
 []


Underfull \hbox (badness 1490) in paragraph at lines 168--168
\TU/TimesNewRoman(0)/m/n/12 pada proses ma-
 []


Underfull \hbox (badness 2005) in paragraph at lines 169--169
\TU/TimesNewRoman(0)/m/n/12 al (verifikasi, logshet,
 []


Underfull \hbox (badness 10000) in paragraph at lines 169--169
\TU/TimesNewRoman(0)/m/n/12 approval, expediting),
 []


Underfull \hbox (badness 10000) in paragraph at lines 169--169
\TU/TimesNewRoman(0)/m/n/12 memicu human error
 []


Underfull \hbox (badness 5519) in paragraph at lines 170--170
\TU/TimesNewRoman(0)/m/n/12 dan menurunkan per-
 []


Underfull \hbox (badness 5133) in paragraph at lines 170--170
\TU/TimesNewRoman(0)/m/n/12 om & Brandon-Jones
 []


Underfull \hbox (badness 10000) in paragraph at lines 172--172
[]|\TU/TimesNewRoman(0)/m/n/12 Integrasi sistem
 []


Underfull \hbox (badness 10000) in paragraph at lines 173--173
\TU/TimesNewRoman(0)/m/n/12 sepenuhnya otomatis,
 []


Underfull \hbox (badness 10000) in paragraph at lines 173--173
\TU/TimesNewRoman(0)/m/n/12 sehingga alur digital
 []


Underfull \hbox (badness 4279) in paragraph at lines 174--174
[]|\TU/TimesNewRoman(0)/m/n/12 Integrasi sistem men-
 []


Underfull \hbox (badness 4303) in paragraph at lines 174--174
\TU/TimesNewRoman(0)/m/n/12 jadi fondasi pengada-
 []

[40] [41]
Underfull \hbox (badness 10000) in paragraph at lines 197--197
[]|\TU/TimesNewRoman(0)/b/n/12 Permasalahan
 []


Underfull \hbox (badness 10000) in paragraph at lines 197--197
[]|\TU/TimesNewRoman(0)/b/n/12 Keterkaitan dengan
 []


Underfull \hbox (badness 10000) in paragraph at lines 199--199
[]|\TU/TimesNewRoman(0)/m/n/12 Ketidaksesuaian
 []


Underfull \hbox (badness 3803) in paragraph at lines 199--199
\TU/TimesNewRoman(0)/m/n/12 kebutuhan peng-
 []


Underfull \hbox (badness 10000) in paragraph at lines 199--199
\TU/TimesNewRoman(0)/m/n/12 guna dengan
 []


Underfull \hbox (badness 10000) in paragraph at lines 199--199
\TU/TimesNewRoman(0)/m/n/12 implementasi
 []


Underfull \hbox (badness 10000) in paragraph at lines 200--200
[]|\TU/TimesNewRoman(0)/m/n/12 Beberapa proses ti-
 []


Underfull \hbox (badness 2495) in paragraph at lines 200--200
\TU/TimesNewRoman(0)/m/n/12 dak sesuai URS, alur
 []


Underfull \hbox (badness 10000) in paragraph at lines 200--200
\TU/TimesNewRoman(0)/m/n/12 persetujuan panjang,
 []


Underfull \hbox (badness 2134) in paragraph at lines 200--200
\TU/TimesNewRoman(0)/m/n/12 mendukung kebutuhan
 []


Underfull \hbox (badness 6978) in paragraph at lines 201--201
[]|\TU/TimesNewRoman(0)/m/n/12 Kesesuaian kebutuhan
 []


Underfull \hbox (badness 10000) in paragraph at lines 201--201
\TU/TimesNewRoman(0)/m/n/12 keberhasilan sistem
 []


Underfull \hbox (badness 10000) in paragraph at lines 201--201
\TU/TimesNewRoman(0)/m/n/12 digital (Aboelmaged,
 []


Underfull \hbox (badness 6157) in paragraph at lines 201--201
\TU/TimesNewRoman(0)/m/n/12 2010; Alemjdal dkk.
 []


Underfull \hbox (badness 1038) in paragraph at lines 203--203
[]|\TU/TimesNewRoman(0)/m/n/12 Kesiapan organi-
 []


Underfull \hbox (badness 1478) in paragraph at lines 203--203
\TU/TimesNewRoman(0)/m/n/12 sasi & resistensi
 []


Underfull \hbox (badness 10000) in paragraph at lines 204--204
[]|\TU/TimesNewRoman(0)/m/n/12 Variasi pemahaman
 []


Underfull \hbox (badness 10000) in paragraph at lines 204--204
\TU/TimesNewRoman(0)/m/n/12 pengguna, kurangnya
 []


Underfull \hbox (badness 3977) in paragraph at lines 204--204
\TU/TimesNewRoman(0)/m/n/12 pelatihan, serta adap-
 []


Underfull \hbox (badness 10000) in paragraph at lines 205--205
[]|\TU/TimesNewRoman(0)/m/n/12 Perubahan digital
 []


Underfull \hbox (badness 10000) in paragraph at lines 205--205
\TU/TimesNewRoman(0)/m/n/12 sering gagal karena
 []


Underfull \hbox (badness 10000) in paragraph at lines 205--205
\TU/TimesNewRoman(0)/m/n/12 kurangnya change
 []


Underfull \hbox (badness 10000) in paragraph at lines 205--205
\TU/TimesNewRoman(0)/m/n/12 management (Kotter
 []


Underfull \hbox (badness 2478) in paragraph at lines 207--207
[]|\TU/TimesNewRoman(0)/m/n/12 Standarisasi pro-
 []


Underfull \hbox (badness 5431) in paragraph at lines 207--207
\TU/TimesNewRoman(0)/m/n/12 ses yang belum
 []


Underfull \hbox (badness 10000) in paragraph at lines 208--208
[]|\TU/TimesNewRoman(0)/m/n/12 Perbedaan alur antar
 []


Underfull \hbox (badness 10000) in paragraph at lines 209--209
[]|\TU/TimesNewRoman(0)/m/n/12 Standarisasi proses
 []


Underfull \hbox (badness 7631) in paragraph at lines 211--211
[]|\TU/TimesNewRoman(0)/m/n/12 Risiko operasio-
 []


Underfull \hbox (badness 10000) in paragraph at lines 212--212
[]|\TU/TimesNewRoman(0)/m/n/12 Risiko keterlambatan
 []


Underfull \hbox (badness 10000) in paragraph at lines 212--212
\TU/TimesNewRoman(0)/m/n/12 pembayaran, kesalah-
 []


Underfull \hbox (badness 10000) in paragraph at lines 212--212
\TU/TimesNewRoman(0)/m/n/12 an pencatatan, dan
 []


Underfull \hbox (badness 10000) in paragraph at lines 212--212
\TU/TimesNewRoman(0)/m/n/12 ketidaktepatan data
 []


Underfull \hbox (badness 1377) in paragraph at lines 212--212
\TU/TimesNewRoman(0)/m/n/12 persediaan akibat pro-
 []


Underfull \hbox (badness 1776) in paragraph at lines 213--213
\TU/TimesNewRoman(0)/m/n/12 ningkat tanpa digitali-
 []


Underfull \hbox (badness 1960) in paragraph at lines 213--213
\TU/TimesNewRoman(0)/m/n/12 sasi & kontrol proses
 []


Underfull \hbox (badness 3713) in paragraph at lines 213--213
\TU/TimesNewRoman(0)/m/n/12 (Droppe 2023; Zahra
 []

[42] [43]
Overfull \hbox (1.11989pt too wide) in paragraph at lines 232--232
[]|\TU/TimesNewRoman(0)/b/n/12 Kebutuhan
 []


Underfull \hbox (badness 10000) in paragraph at lines 234--234
[]|\TU/TimesNewRoman(0)/m/n/12 Manajemen
 []


Underfull \hbox (badness 1838) in paragraph at lines 235--235
[]|\TU/TimesNewRoman(0)/m/n/12 Sistem harus menyediakan pembuatan,
 []


Underfull \hbox (badness 10000) in paragraph at lines 238--238
[]|\TU/TimesNewRoman(0)/m/n/12 Monitoring
 []


Underfull \hbox (badness 10000) in paragraph at lines 238--238
\TU/TimesNewRoman(0)/m/n/12 Pengadaan
 []


Underfull \hbox (badness 10000) in paragraph at lines 242--242
[]|\TU/TimesNewRoman(0)/m/n/12 Manajemen
 []


Underfull \hbox (badness 10000) in paragraph at lines 246--246
[]|\TU/TimesNewRoman(0)/m/n/12 Custom
 []


Underfull \hbox (badness 10000) in paragraph at lines 246--246
\TU/TimesNewRoman(0)/m/n/12 Monitoring
 []


Underfull \hbox (badness 1796) in paragraph at lines 246--246
\TU/TimesNewRoman(0)/m/n/12 & Kepabe-
 []


Overfull \hbox (1.11989pt too wide) in paragraph at lines 262--262
[]|\TU/TimesNewRoman(0)/b/n/12 Kebutuhan
 []


Underfull \hbox (badness 10000) in paragraph at lines 264--264
[]|\TU/TimesNewRoman(0)/m/n/12 Inventory
 []


Underfull \hbox (badness 1337) in paragraph at lines 264--264
\TU/TimesNewRoman(0)/m/n/12 & Wareho-
 []


Underfull \hbox (badness 1997) in paragraph at lines 265--265
[]|\TU/TimesNewRoman(0)/m/n/12 Sistem harus menyediakan manajemen
 []


Underfull \hbox (badness 10000) in paragraph at lines 268--268
[]|\TU/TimesNewRoman(0)/m/n/12 Analytics
 []


Underfull \hbox (badness 10000) in paragraph at lines 268--268
\TU/TimesNewRoman(0)/m/n/12 & Repor-
 []


Underfull \hbox (badness 6625) in paragraph at lines 269--269
[]|\TU/TimesNewRoman(0)/m/n/12 Sistem harus menyediakan dashboard
 []


Underfull \hbox (badness 10000) in paragraph at lines 272--272
[]|\TU/TimesNewRoman(0)/m/n/12 Integrasi
 []


Underfull \hbox (badness 10000) in paragraph at lines 272--272
\TU/TimesNewRoman(0)/m/n/12 dengan
 []


Underfull \hbox (badness 10000) in paragraph at lines 276--276
[]|\TU/TimesNewRoman(0)/m/n/12 Integrasi
 []


Underfull \hbox (badness 10000) in paragraph at lines 276--276
\TU/TimesNewRoman(0)/m/n/12 dengan
 []


Underfull \hbox (badness 10000) in paragraph at lines 280--280
[]|\TU/TimesNewRoman(0)/m/n/12 Manajemen
 []


Underfull \hbox (badness 10000) in paragraph at lines 281--281
[]|\TU/TimesNewRoman(0)/m/n/12 Sistem harus mendukung role-based
 []


Underfull \hbox (badness 2096) in paragraph at lines 281--281
\TU/TimesNewRoman(0)/m/n/12 access control (RBAC) untuk memas-
 []


Underfull \hbox (badness 1466) in paragraph at lines 284--284
[]|\TU/TimesNewRoman(0)/m/n/12 Audit Trail
 []


Underfull \hbox (badness 2096) in paragraph at lines 285--285
[]|\TU/TimesNewRoman(0)/m/n/12 Sistem harus mencatat setiap aktivitas
 []


Underfull \hbox (badness 10000) in paragraph at lines 288--288
[]|\TU/TimesNewRoman(0)/m/n/12 Migrasi &
 []


Underfull \hbox (badness 10000) in paragraph at lines 288--288
\TU/TimesNewRoman(0)/m/n/12 Konsolida-
 []


Underfull \hbox (badness 10000) in paragraph at lines 292--292
[]|\TU/TimesNewRoman(0)/m/n/12 Notifikasi
 []

[44] [45]
Underfull \hbox (badness 10000) in paragraph at lines 312--312
[]|\TU/TimesNewRoman(0)/b/n/12 Kebutuhan
 []


Underfull \hbox (badness 10000) in paragraph at lines 314--314
[]|\TU/TimesNewRoman(0)/m/n/12 KNF-
 []


Underfull \hbox (badness 10000) in paragraph at lines 314--314
[]|\TU/TimesNewRoman(0)/m/it/12 System Perfor-
 []


Underfull \hbox (badness 10000) in paragraph at lines 315--315
[]|\TU/TimesNewRoman(0)/m/n/12 Sistem harus mampu
 []


Underfull \hbox (badness 10000) in paragraph at lines 315--315
\TU/TimesNewRoman(0)/m/n/12 memproses seluruh
 []


Underfull \hbox (badness 10000) in paragraph at lines 315--315
\TU/TimesNewRoman(0)/m/n/12 aktivitas pengadaan
 []


Underfull \hbox (badness 7256) in paragraph at lines 315--315
\TU/TimesNewRoman(0)/m/n/12 (create PR, approval,
 []


Underfull \hbox (badness 10000) in paragraph at lines 315--315
\TU/TimesNewRoman(0)/m/n/12 bidding, evaluasi,
 []


Underfull \hbox (badness 10000) in paragraph at lines 315--315
\TU/TimesNewRoman(0)/m/n/12 kontrak) tanpa keter-
 []


Underfull \hbox (badness 10000) in paragraph at lines 317--318
[]\TU/TimesNewRoman(0)/m/n/12 Waktu respons
 []


Underfull \hbox (badness 10000) in paragraph at lines 317--318
\TU/TimesNewRoman(0)/m/n/12 maksimum $\OML/cmm/m/it/12 < \OT1/cmr/m/n/12 3$
 []


Underfull \hbox (badness 10000) in paragraph at lines 319--320
\TU/TimesNewRoman(0)/m/n/12 5.000 transak-
 []


Underfull \hbox (badness 10000) in paragraph at lines 322--322
[]|\TU/TimesNewRoman(0)/m/n/12 KNF-
 []


Underfull \hbox (badness 2261) in paragraph at lines 323--323
[]|\TU/TimesNewRoman(0)/m/n/12 Sistem mampu meng-
 []


Underfull \hbox (badness 1776) in paragraph at lines 323--323
\TU/TimesNewRoman(0)/m/n/12 pengguna dan volume
 []


Underfull \hbox (badness 10000) in paragraph at lines 325--326
[]\TU/TimesNewRoman(0)/m/n/12 Kapasitas pengguna
 []


Underfull \hbox (badness 4429) in paragraph at lines 325--326
\TU/TimesNewRoman(0)/m/n/12 minimal 2.000 user
 []


Underfull \hbox (badness 10000) in paragraph at lines 329--329
[]|\TU/TimesNewRoman(0)/m/n/12 KNF-
 []


Underfull \hbox (badness 2698) in paragraph at lines 330--330
\TU/TimesNewRoman(0)/m/n/12 si secara stabil untuk
 []


Underfull \hbox (badness 2285) in paragraph at lines 330--330
\TU/TimesNewRoman(0)/m/n/12 ngadaan yang bersifat
 []


Underfull \hbox (badness 1552) in paragraph at lines 332--333
[]\TU/TimesNewRoman(0)/m/n/12 Tingkat ketersediaan
 []


Underfull \hbox (badness 10000) in paragraph at lines 333--334
[]\TU/TimesNewRoman(0)/m/n/12 Toleransi downti-
 []


Underfull \hbox (badness 2269) in paragraph at lines 333--334
\TU/TimesNewRoman(0)/m/n/12 me maksimal $\OML/cmm/m/it/12 < \OT1/cmr/m/n/12 4$
 []


Underfull \hbox (badness 10000) in paragraph at lines 347--347
[]|\TU/TimesNewRoman(0)/b/n/12 Kebutuhan
 []


Underfull \hbox (badness 10000) in paragraph at lines 349--349
[]|\TU/TimesNewRoman(0)/m/n/12 KNF-
 []


Underfull \hbox (badness 10000) in paragraph at lines 349--349
[]|\TU/TimesNewRoman(0)/m/it/12 Information Se-
 []


Underfull \hbox (badness 10000) in paragraph at lines 350--350
[]|\TU/TimesNewRoman(0)/m/n/12 Menjamin keamanan
 []


Underfull \hbox (badness 4108) in paragraph at lines 350--350
\TU/TimesNewRoman(0)/m/n/12 men kontrak, vendor,
 []


Underfull \hbox (badness 10000) in paragraph at lines 353--354
[]\TU/TimesNewRoman(0)/m/n/12 Kepatuhan minimal
 []


Underfull \hbox (badness 10000) in paragraph at lines 356--356
[]|\TU/TimesNewRoman(0)/m/n/12 KNF-
 []


Underfull \hbox (badness 10000) in paragraph at lines 356--356
[]|\TU/TimesNewRoman(0)/m/it/12 System Integra-
 []


Underfull \hbox (badness 10000) in paragraph at lines 359--360
[]\TU/TimesNewRoman(0)/m/n/12 Sinkronisasi data
 []


Underfull \hbox (badness 10000) in paragraph at lines 364--364
[]|\TU/TimesNewRoman(0)/m/n/12 KNF-
 []


Underfull \hbox (badness 10000) in paragraph at lines 365--365
[]|\TU/TimesNewRoman(0)/m/n/12 Sistem mudah di-
 []


Underfull \hbox (badness 10000) in paragraph at lines 365--365
\TU/TimesNewRoman(0)/m/n/12 pahami, memiliki
 []


Underfull \hbox (badness 10000) in paragraph at lines 365--365
\TU/TimesNewRoman(0)/m/n/12 mendukung seluruh
 []


Underfull \hbox (badness 6078) in paragraph at lines 368--369
[]\TU/TimesNewRoman(0)/m/n/12 Task completion $\OMS/cmsy/m/n/12 ^^U
 []


Underfull \hbox (badness 10000) in paragraph at lines 371--371
[]|\TU/TimesNewRoman(0)/m/n/12 KNF-
 []


Underfull \hbox (badness 1789) in paragraph at lines 372--372
[]|\TU/TimesNewRoman(0)/m/n/12 Mudah diperbaiki, di-
 []


Underfull \hbox (badness 10000) in paragraph at lines 378--378
[]|\TU/TimesNewRoman(0)/m/n/12 KNF-
 []

[46] [47] [48] [49] [50]
Overfull \hbox (11.77223pt too wide) in paragraph at lines 450--450
 []|\TU/TimesNewRoman(0)/b/n/12 Pengurangan 
 []


Underfull \hbox (badness 3514) in paragraph at lines 452--452
[]|\TU/TimesNewRoman(0)/m/n/12 Integrasi Sistem \TU/TimesNewRoman(0)/m/it/12 En
d-
 []


Underfull \hbox (badness 6125) in paragraph at lines 455--455
[]|\TU/TimesNewRoman(0)/m/n/12 Data Analytics untuk
 []


Underfull \hbox (badness 2134) in paragraph at lines 455--455
\TU/TimesNewRoman(0)/m/n/12 Pengambilan Keputus-
 []


Underfull \hbox (badness 10000) in paragraph at lines 464--464
[]|\TU/TimesNewRoman(0)/m/n/12 Artificial Intelligence
 []


Underfull \hbox (badness 1221) in paragraph at lines 464--464
\TU/TimesNewRoman(0)/m/n/12 untuk Risiko & Sour-
 []


Overfull \hbox (11.18486pt too wide) in paragraph at lines 448--468
 [][] 
 []


Overfull \hbox (6.88016pt too wide) in paragraph at lines 473--474
[]\TU/TimesNewRoman(0)/m/n/12 Integrasi sistem pengadaan end-to-end dipilih seb
agai solusi paling relevan dan komp-
 []

) (Bab IV - Desain-Konsep-Solusi.tex [51] [52]
Bab IV.
File: image/desain konsep solusi.png Graphic file (type bmp)
<image/desain konsep solusi.png>
[53

] [54]
Overfull \hbox (0.5911pt too wide) in paragraph at lines 92--93
[]\TU/TimesNewRoman(0)/m/n/12 Modul Inventory and Warehouse berfungsi sebagai s
istem terpadu yang meng-
 []

[55]
Underfull \hbox (badness 2460) in paragraph at lines 128--128
[]|\TU/TimesNewRoman(0)/m/n/12 Fragmentasi Sis-
 []


Underfull \hbox (badness 10000) in paragraph at lines 129--129
[]|\TU/TimesNewRoman(0)/m/n/12 Aplikasi tidak terintegrasi,
 []


Underfull \hbox (badness 5878) in paragraph at lines 129--129
\TU/TimesNewRoman(0)/m/n/12 berdiri sendiri, dan sering
 []


Underfull \hbox (badness 10000) in paragraph at lines 129--129
\TU/TimesNewRoman(0)/m/n/12 tumpang tindih fungsinya.
 []


Underfull \hbox (badness 2662) in paragraph at lines 129--129
\TU/TimesNewRoman(0)/m/n/12 Mengakibatkan proses lam-
 []


Underfull \hbox (badness 2662) in paragraph at lines 130--130
\TU/TimesNewRoman(0)/m/n/12 minimalkan redundansi dan
 []


Underfull \hbox (badness 5533) in paragraph at lines 132--132
[]|\TU/TimesNewRoman(0)/m/n/12 Biaya Pemeliha-
 []


Underfull \hbox (badness 4416) in paragraph at lines 133--133
\TU/TimesNewRoman(0)/m/n/12 maintenance masing-masing
 []


Underfull \hbox (badness 2376) in paragraph at lines 137--137
\TU/TimesNewRoman(0)/m/n/12 kumentasi secara konsisten.
 []


Underfull \hbox (badness 1360) in paragraph at lines 138--138
\TU/TimesNewRoman(0)/m/n/12 otomasi, terdigitalisasi, me-
 []


Underfull \hbox (badness 10000) in paragraph at lines 141--141
[]|\TU/TimesNewRoman(0)/m/n/12 Dokumen pengadaan ter-
 []


Underfull \hbox (badness 1314) in paragraph at lines 141--141
\TU/TimesNewRoman(0)/m/n/12 simpan di berbagai aplikasi
 []


Underfull \hbox (badness 1552) in paragraph at lines 141--141
\TU/TimesNewRoman(0)/m/n/12 tidak ada satu sumber data
 []


Underfull \hbox (badness 3557) in paragraph at lines 142--142
[]|\TU/TimesNewRoman(0)/m/n/12 Penyimpanan dokumen ter-
 []


Underfull \hbox (badness 1173) in paragraph at lines 142--142
\TU/TimesNewRoman(0)/m/n/12 kumen dapat dilacak di se-
 []


Underfull \hbox (badness 10000) in paragraph at lines 144--144
[]|\TU/TimesNewRoman(0)/m/n/12 Kepatuhan dan
 []


Underfull \hbox (badness 3907) in paragraph at lines 145--145
[]|\TU/TimesNewRoman(0)/m/n/12 Aplikasi existing harus di-
 []


Underfull \hbox (badness 1314) in paragraph at lines 145--145
\TU/TimesNewRoman(0)/m/n/12 sering tidak konsisten antar
 []


Underfull \hbox (badness 6348) in paragraph at lines 146--146
\TU/TimesNewRoman(0)/m/n/12 patuhan standar Pertamina,
 []


Overfull \hbox (3.1472pt too wide) in paragraph at lines 120--149
 [][] 
 []

[56]
Underfull \hbox (badness 10000) in paragraph at lines 161--161
[]|\TU/TimesNewRoman(0)/m/n/12 Visibilitas dan
 []


Underfull \hbox (badness 10000) in paragraph at lines 162--162
[]|\TU/TimesNewRoman(0)/m/n/12 Monitoring pengadaan
 []


Underfull \hbox (badness 5711) in paragraph at lines 162--162
\TU/TimesNewRoman(0)/m/n/12 berbeda-beda per RU (ba-
 []


Underfull \hbox (badness 4168) in paragraph at lines 162--162
\TU/TimesNewRoman(0)/m/n/12 nyak aplikasi khusus RU).
 []


Underfull \hbox (badness 10000) in paragraph at lines 163--163
[]|\TU/TimesNewRoman(0)/m/n/12 Modul Monitoring Penga-
 []


Underfull \hbox (badness 1248) in paragraph at lines 163--163
\TU/TimesNewRoman(0)/m/n/12 daan memberikan visibilitas
 []


Underfull \hbox (badness 5548) in paragraph at lines 165--165
[]|\TU/TimesNewRoman(0)/m/n/12 Integrasi dengan
 []


Underfull \hbox (badness 10000) in paragraph at lines 169--169
[]|\TU/TimesNewRoman(0)/m/n/12 Efisiensi Opera-
 []


Underfull \hbox (badness 1087) in paragraph at lines 170--170
\TU/TimesNewRoman(0)/m/n/12 plikasi pekerjaan atau input
 []


Underfull \hbox (badness 5036) in paragraph at lines 171--171
[]|\TU/TimesNewRoman(0)/m/n/12 Proses lebih cepat melalui
 []


Underfull \hbox (badness 1303) in paragraph at lines 171--171
\TU/TimesNewRoman(0)/m/n/12 workflow otomatis, validasi
 []


Underfull \hbox (badness 1496) in paragraph at lines 173--173
[]|\TU/TimesNewRoman(0)/m/n/12 Standarisasi Pro-
 []


Underfull \hbox (badness 10000) in paragraph at lines 175--175
[]|\TU/TimesNewRoman(0)/m/n/12 Sistem baru menyediakan
 []


Underfull \hbox (badness 1354) in paragraph at lines 179--179
[]|\TU/TimesNewRoman(0)/m/n/12 Data lebih akurat dan kon-
 []


Underfull \hbox (badness 10000) in paragraph at lines 181--181
[]|\TU/TimesNewRoman(0)/m/n/12 Skalabilitas Sis-
 []


Underfull \hbox (badness 4872) in paragraph at lines 182--182
[]|\TU/TimesNewRoman(0)/m/n/12 Sulit dikembangkan karena
 []


Underfull \hbox (badness 2213) in paragraph at lines 182--182
\TU/TimesNewRoman(0)/m/n/12 banyak aplikasi legacy dan
 []


Overfull \hbox (3.1472pt too wide) in paragraph at lines 157--186
 [][] 
 []

[57] [58]
File: image/diagram konsep solusi.png Graphic file (type bmp)
<image/diagram konsep solusi.png>
 [59] [60] [61]) (Bab V - Rencana-Selanjutnya.tex [62]
Bab V.
[63

] [64] [65] [66]
Overfull \hbox (2.20908pt too wide) in paragraph at lines 123--124
[]\TU/TimesNewRoman(0)/m/n/12 Mitigasi: Melakukan perencanaan dan alokasi sumbe
r daya secara tepat, mem-
 []

[67]) [68]
Overfull \hbox (0.15164pt too wide) in paragraph at lines 416--416
\TU/TimesNewRoman(0)/m/n/12   Antecedents of acceptance model for e-procuremen
t in Jordanian public share-
 []

[69


]
Overfull \hbox (0.13446pt too wide) in paragraph at lines 416--416
[][]\TU/TimesNewRoman(0)/m/n/12 Althabatah, A. 2023.   Transformative procurem
ent trends: Integrating Industry 4.0.
 []


Overfull \hbox (0.89716pt too wide) in paragraph at lines 416--416
[][]\TU/TimesNewRoman(0)/m/n/12 Bowen, Glenn A. 2009.   Document analysis as a
 qualitative research method. \TU/TimesNewRoman(0)/m/it/12 Qual-
 []

[70]
Overfull \hbox (34.28973pt too wide) in paragraph at lines 416--416
[][]\TU/TimesNewRoman(0)/m/n/12 Cooper, M. 2024. \TU/TimesNewRoman(0)/m/it/12 E
xploring the role of digital transformation in procurement. \TU/TimesNewRoman(0
)/m/n/12 Preprints.org.[] 
 []

[71] [72]

Package caption Warning: Unused \captionsetup[lstlisting] on input line 395.
See the caption package documentation for explanation.

[73] (ProposalTA.aux)
 ***********
LaTeX2e <2025-11-01>
L3 programming layer <2025-10-24>
 ***********
Package rerunfilecheck Info: File `ProposalTA.out' has not changed.
(rerunfilecheck)             Checksum: 49409FDB582927F6CCE95A4FE5EB3554;9862.
Package logreq Info: Writing requests to 'ProposalTA.run.xml'.
\openout1 = `ProposalTA.run.xml'.

 ) 
Here is how much of TeX's memory you used:
 31866 strings out of 402987
 629985 string characters out of 5446039
 2006533 words of memory out of 5000000
 60227 multiletter control sequences out of 15000+600000
 633600 words of font info for 84 fonts, out of 8000000 for 9000
 1348 hyphenation exceptions out of 8191
 73i,11n,95p,2494b,8513s stack positions out of 10000i,1000n,20000p,200000b,200000s

Output written on c:/Users\Bihurin Salsabila\OneDrive\Dokumen\SKRIPSIAN STEI\Pr
oposalTA-STI\ProposalTA.pdf (79 pages).
